Loading cooccurrence distribution... done.
Computing q_pos and q_neg... done.
Starting training loop.
Loading new chunk... done.
t=001k: loss=0.9999988, acc=0.00%
t=002k: loss=0.9999976, acc=0.00%
t=003k: loss=0.9999973, acc=0.00%
t=004k: loss=0.9999968, acc=0.00%
t=005k: loss=0.9999962, acc=0.00%
t=006k: loss=0.9999957, acc=0.00%
t=007k: loss=0.9999952, acc=0.00%
t=008k: loss=0.9999944, acc=0.00%
t=009k: loss=0.9999935, acc=0.00%
t=010k: loss=0.9999926, acc=0.00%
t=011k: loss=0.9999911, acc=0.00%
t=012k: loss=0.9999894, acc=0.00%
t=013k: loss=0.9999875, acc=0.00%
t=014k: loss=0.9999852, acc=0.00%
t=015k: loss=0.9999824, acc=0.00%
t=016k: loss=0.9999787, acc=0.00%
t=017k: loss=0.9999740, acc=0.00%
t=018k: loss=0.9999685, acc=0.00%
t=019k: loss=0.9999615, acc=0.00%
t=020k: loss=0.9999527, acc=0.00%
t=021k: loss=0.9999412, acc=0.00%
t=022k: loss=0.9999264, acc=0.01%
t=023k: loss=0.9999074, acc=0.01%
t=024k: loss=0.9998834, acc=0.01%
t=025k: loss=0.9998521, acc=0.01%
t=026k: loss=0.9998124, acc=0.03%
t=027k: loss=0.9997611, acc=0.03%
t=028k: loss=0.9996952, acc=0.03%
t=029k: loss=0.9996097, acc=0.03%
t=030k: loss=0.9995000, acc=0.04%
t=031k: loss=0.9993569, acc=0.08%
t=032k: loss=0.9991706, acc=0.08%
t=033k: loss=0.9989342, acc=0.08%
t=034k: loss=0.9986271, acc=0.11%
t=035k: loss=0.9982304, acc=0.12%
t=036k: loss=0.9977244, acc=0.16%
t=037k: loss=0.9970830, acc=0.16%
t=038k: loss=0.9962749, acc=0.14%
t=039k: loss=0.9952653, acc=0.14%
t=040k: loss=0.9940051, acc=0.13%
t=041k: loss=0.9924510, acc=0.16%
t=042k: loss=0.9905833, acc=0.18%
t=043k: loss=0.9883604, acc=0.28%
t=044k: loss=0.9857921, acc=0.22%
t=045k: loss=0.9828356, acc=0.24%
t=046k: loss=0.9795779, acc=0.34%
t=047k: loss=0.9759879, acc=0.34%
t=048k: loss=0.9722160, acc=0.43%
t=049k: loss=0.9683526, acc=0.42%
t=050k: loss=0.9644870, acc=0.60%
t=051k: loss=0.9606886, acc=0.60%
t=052k: loss=0.9570889, acc=0.70%
t=053k: loss=0.9536792, acc=0.75%
t=054k: loss=0.9505478, acc=0.77%
t=055k: loss=0.9476657, acc=0.83%
t=056k: loss=0.9450973, acc=0.91%
t=057k: loss=0.9428083, acc=0.91%
t=058k: loss=0.9407032, acc=1.14%
t=059k: loss=0.9386328, acc=1.42%
t=060k: loss=0.9365715, acc=1.51%
t=061k: loss=0.9346525, acc=1.69%
t=062k: loss=0.9325557, acc=1.55%
t=063k: loss=0.9304331, acc=1.51%
t=064k: loss=0.9282696, acc=1.54%
t=065k: loss=0.9258707, acc=1.46%
t=066k: loss=0.9234107, acc=1.42%
t=067k: loss=0.9209270, acc=1.52%
t=068k: loss=0.9183522, acc=1.94%
t=069k: loss=0.9157094, acc=1.86%
t=070k: loss=0.9131424, acc=2.15%
t=071k: loss=0.9104560, acc=2.18%
t=072k: loss=0.9079313, acc=2.15%
t=073k: loss=0.9052677, acc=2.09%
t=074k: loss=0.9027394, acc=2.13%
t=075k: loss=0.9003237, acc=2.11%
t=076k: loss=0.8980802, acc=2.30%
t=077k: loss=0.8958115, acc=2.26%
t=078k: loss=0.8936612, acc=2.23%
t=079k: loss=0.8917779, acc=2.35%
t=080k: loss=0.8899060, acc=2.64%
t=081k: loss=0.8879683, acc=2.52%
t=082k: loss=0.8860925, acc=2.77%
t=083k: loss=0.8844384, acc=3.06%
t=084k: loss=0.8825867, acc=3.19%
t=085k: loss=0.8811381, acc=3.47%
t=086k: loss=0.8794506, acc=3.38%
t=087k: loss=0.8779306, acc=3.39%
t=088k: loss=0.8763516, acc=3.45%
t=089k: loss=0.8747890, acc=3.41%
t=090k: loss=0.8732956, acc=3.48%
t=091k: loss=0.8720175, acc=3.61%
t=092k: loss=0.8706768, acc=3.72%
t=093k: loss=0.8694392, acc=4.06%
t=094k: loss=0.8683998, acc=3.87%
t=095k: loss=0.8671580, acc=4.01%
t=096k: loss=0.8661135, acc=4.03%
t=097k: loss=0.8651225, acc=3.99%
t=098k: loss=0.8641607, acc=4.37%
t=099k: loss=0.8633059, acc=4.39%
t=100k: loss=0.8624967, acc=4.54%
t=101k: loss=0.8616128, acc=4.77%
t=102k: loss=0.8608049, acc=4.95%
t=103k: loss=0.8600092, acc=4.99%
t=104k: loss=0.8591935, acc=5.12%
t=105k: loss=0.8585199, acc=5.25%
t=106k: loss=0.8577469, acc=5.41%
t=107k: loss=0.8569254, acc=5.67%
t=108k: loss=0.8563225, acc=5.75%
t=109k: loss=0.8554464, acc=6.15%
t=110k: loss=0.8547479, acc=6.19%
t=111k: loss=0.8540170, acc=6.50%
t=112k: loss=0.8533079, acc=6.44%
t=113k: loss=0.8524403, acc=6.70%
t=114k: loss=0.8516977, acc=6.79%
t=115k: loss=0.8509424, acc=6.61%
t=116k: loss=0.8502062, acc=7.29%
t=117k: loss=0.8493927, acc=7.53%
t=118k: loss=0.8485910, acc=7.55%
t=119k: loss=0.8480029, acc=7.71%
t=120k: loss=0.8471520, acc=8.00%
t=121k: loss=0.8464665, acc=7.70%
t=122k: loss=0.8458995, acc=7.72%
t=123k: loss=0.8454856, acc=8.17%
t=124k: loss=0.8448585, acc=8.20%
t=125k: loss=0.8443088, acc=8.71%
t=126k: loss=0.8437335, acc=8.71%
t=127k: loss=0.8433052, acc=9.23%
t=128k: loss=0.8427844, acc=9.04%
t=129k: loss=0.8421250, acc=8.97%
t=130k: loss=0.8416179, acc=8.97%
t=131k: loss=0.8411300, acc=9.31%
t=132k: loss=0.8406043, acc=9.26%
t=133k: loss=0.8401377, acc=9.38%
t=134k: loss=0.8399011, acc=9.40%
t=135k: loss=0.8393749, acc=9.69%
t=136k: loss=0.8389701, acc=9.98%
t=137k: loss=0.8385022, acc=9.75%
t=138k: loss=0.8379685, acc=10.02%
t=139k: loss=0.8377642, acc=9.86%
t=140k: loss=0.8372623, acc=10.09%
t=141k: loss=0.8368496, acc=9.98%
t=142k: loss=0.8365253, acc=10.30%
t=143k: loss=0.8360020, acc=10.43%
t=144k: loss=0.8353595, acc=10.59%
t=145k: loss=0.8350659, acc=10.72%
t=146k: loss=0.8345525, acc=11.15%
t=147k: loss=0.8341722, acc=12.00%
t=148k: loss=0.8338292, acc=12.36%
t=149k: loss=0.8333531, acc=12.58%
t=150k: loss=0.8331578, acc=12.37%
t=151k: loss=0.8325802, acc=12.42%
t=152k: loss=0.8321693, acc=12.62%
t=153k: loss=0.8317454, acc=12.83%
t=154k: loss=0.8313959, acc=13.08%
t=155k: loss=0.8309068, acc=13.28%
t=156k: loss=0.8306923, acc=13.59%
t=157k: loss=0.8303646, acc=13.78%
t=158k: loss=0.8300697, acc=13.97%
t=159k: loss=0.8296239, acc=14.11%
t=160k: loss=0.8291699, acc=14.26%
t=161k: loss=0.8289523, acc=14.70%
t=162k: loss=0.8284751, acc=14.74%
t=163k: loss=0.8281944, acc=15.63%
t=164k: loss=0.8278752, acc=15.54%
t=165k: loss=0.8274996, acc=15.77%
t=166k: loss=0.8270534, acc=16.05%
t=167k: loss=0.8267317, acc=16.30%
t=168k: loss=0.8261675, acc=16.15%
t=169k: loss=0.8257949, acc=16.36%
t=170k: loss=0.8253378, acc=16.46%
t=171k: loss=0.8249266, acc=16.56%
t=172k: loss=0.8245345, acc=17.02%
t=173k: loss=0.8240360, acc=17.43%
t=174k: loss=0.8235771, acc=17.35%
t=175k: loss=0.8232779, acc=17.48%
t=176k: loss=0.8228372, acc=18.01%
t=177k: loss=0.8222810, acc=18.26%
t=178k: loss=0.8220039, acc=18.20%
t=179k: loss=0.8216563, acc=18.69%
t=180k: loss=0.8213946, acc=19.20%
t=181k: loss=0.8210867, acc=19.37%
t=182k: loss=0.8208822, acc=19.39%
t=183k: loss=0.8206642, acc=19.29%
t=184k: loss=0.8203503, acc=19.58%
t=185k: loss=0.8198450, acc=19.79%
t=186k: loss=0.8195680, acc=20.02%
t=187k: loss=0.8191021, acc=20.27%
t=188k: loss=0.8188773, acc=20.28%
t=189k: loss=0.8185362, acc=20.46%
t=190k: loss=0.8180366, acc=21.37%
t=191k: loss=0.8176439, acc=21.42%
t=192k: loss=0.8171935, acc=21.50%
t=193k: loss=0.8168120, acc=21.45%
t=194k: loss=0.8163179, acc=21.71%
t=195k: loss=0.8160573, acc=21.67%
t=196k: loss=0.8157308, acc=21.96%
t=197k: loss=0.8155538, acc=21.76%
t=198k: loss=0.8150702, acc=21.87%
t=199k: loss=0.8146962, acc=22.01%
t=200k: loss=0.8144123, acc=22.52%
t=201k: loss=0.8141580, acc=22.81%
t=202k: loss=0.8137866, acc=23.09%
t=203k: loss=0.8133869, acc=23.38%
t=204k: loss=0.8133148, acc=23.51%
t=205k: loss=0.8131352, acc=23.77%
t=206k: loss=0.8128365, acc=23.81%
t=207k: loss=0.8126098, acc=24.00%
t=208k: loss=0.8124012, acc=24.01%
t=209k: loss=0.8121671, acc=24.35%
t=210k: loss=0.8119774, acc=24.55%
t=211k: loss=0.8117525, acc=24.88%
t=212k: loss=0.8115629, acc=25.44%
t=213k: loss=0.8114847, acc=25.56%
t=214k: loss=0.8110948, acc=25.82%
t=215k: loss=0.8107454, acc=25.58%
t=216k: loss=0.8105302, acc=25.56%
t=217k: loss=0.8103302, acc=25.23%
t=218k: loss=0.8101130, acc=25.44%
t=219k: loss=0.8098721, acc=25.89%
t=220k: loss=0.8096891, acc=26.23%
t=221k: loss=0.8095178, acc=26.44%
t=222k: loss=0.8093532, acc=26.53%
t=223k: loss=0.8091068, acc=26.75%
t=224k: loss=0.8088803, acc=26.78%
t=225k: loss=0.8086992, acc=26.99%
t=226k: loss=0.8085822, acc=26.96%
t=227k: loss=0.8082897, acc=27.09%
t=228k: loss=0.8080815, acc=27.42%
t=229k: loss=0.8078481, acc=27.54%
t=230k: loss=0.8077868, acc=27.57%
t=231k: loss=0.8073240, acc=27.92%
t=232k: loss=0.8070701, acc=28.07%
t=233k: loss=0.8069326, acc=28.09%
t=234k: loss=0.8069060, acc=28.63%
t=235k: loss=0.8066564, acc=29.09%
t=236k: loss=0.8063182, acc=29.49%
t=237k: loss=0.8060652, acc=29.29%
t=238k: loss=0.8059343, acc=29.67%
t=239k: loss=0.8057779, acc=29.64%
t=240k: loss=0.8054699, acc=29.58%
t=241k: loss=0.8056270, acc=30.10%
t=242k: loss=0.8055258, acc=30.42%
t=243k: loss=0.8052486, acc=30.84%
t=244k: loss=0.8048413, acc=30.96%
t=245k: loss=0.8045602, acc=30.55%
t=246k: loss=0.8043362, acc=30.60%
t=247k: loss=0.8043145, acc=30.86%
t=248k: loss=0.8039878, acc=30.25%
t=249k: loss=0.8038518, acc=30.26%
t=250k: loss=0.8035844, acc=30.34%
t=251k: loss=0.8031214, acc=30.26%
t=252k: loss=0.8028803, acc=30.52%
t=253k: loss=0.8025504, acc=30.27%
t=254k: loss=0.8025189, acc=30.21%
t=255k: loss=0.8025302, acc=30.13%
t=256k: loss=0.8022826, acc=30.72%
t=257k: loss=0.8019446, acc=30.86%
t=258k: loss=0.8018859, acc=31.26%
t=259k: loss=0.8017567, acc=31.07%
t=260k: loss=0.8016280, acc=31.47%
t=261k: loss=0.8016294, acc=31.51%
t=262k: loss=0.8015249, acc=31.44%
t=263k: loss=0.8015208, acc=31.70%
t=264k: loss=0.8013452, acc=31.77%
t=265k: loss=0.8011587, acc=32.24%
t=266k: loss=0.8012345, acc=32.14%
t=267k: loss=0.8011748, acc=32.28%
t=268k: loss=0.8010708, acc=31.98%
t=269k: loss=0.8010088, acc=31.89%
t=270k: loss=0.8007729, acc=32.18%
t=271k: loss=0.8006400, acc=32.01%
t=272k: loss=0.8004071, acc=32.23%
t=273k: loss=0.8001981, acc=32.62%
t=274k: loss=0.8000152, acc=32.57%
t=275k: loss=0.7999524, acc=32.79%
t=276k: loss=0.7997136, acc=32.85%
t=277k: loss=0.7996374, acc=32.99%
t=278k: loss=0.7994068, acc=33.23%
t=279k: loss=0.7991714, acc=33.37%
t=280k: loss=0.7992208, acc=33.45%
t=281k: loss=0.7990823, acc=33.71%
t=282k: loss=0.7988843, acc=33.95%
t=283k: loss=0.7987772, acc=34.33%
t=284k: loss=0.7985821, acc=34.67%
t=285k: loss=0.7984080, acc=34.50%
t=286k: loss=0.7983430, acc=34.75%
t=287k: loss=0.7980891, acc=34.99%
t=288k: loss=0.7980445, acc=34.80%
t=289k: loss=0.7978411, acc=34.98%
t=290k: loss=0.7975816, acc=35.16%
t=291k: loss=0.7974618, acc=35.07%
t=292k: loss=0.7973680, acc=35.26%
t=293k: loss=0.7971687, acc=34.86%
t=294k: loss=0.7972576, acc=35.21%
t=295k: loss=0.7970517, acc=35.50%
t=296k: loss=0.7968463, acc=35.51%
t=297k: loss=0.7968706, acc=35.75%
t=298k: loss=0.7967818, acc=35.84%
t=299k: loss=0.7967394, acc=36.01%
t=300k: loss=0.7966660, acc=36.25%
t=301k: loss=0.7964610, acc=36.81%
t=302k: loss=0.7963708, acc=36.83%
t=303k: loss=0.7963694, acc=36.76%
t=304k: loss=0.7961017, acc=36.87%
t=305k: loss=0.7959246, acc=36.72%
t=306k: loss=0.7958215, acc=36.84%
t=307k: loss=0.7955020, acc=37.10%
t=308k: loss=0.7953245, acc=37.26%
t=309k: loss=0.7951782, acc=37.69%
t=310k: loss=0.7950083, acc=37.37%
t=311k: loss=0.7948890, acc=37.59%
t=312k: loss=0.7947143, acc=37.84%
t=313k: loss=0.7944404, acc=38.04%
t=314k: loss=0.7944328, acc=37.92%
t=315k: loss=0.7944568, acc=37.47%
t=316k: loss=0.7944055, acc=37.44%
t=317k: loss=0.7944772, acc=37.47%
t=318k: loss=0.7943639, acc=37.52%
t=319k: loss=0.7942392, acc=37.25%
t=320k: loss=0.7940514, acc=37.84%
t=321k: loss=0.7940687, acc=37.96%
t=322k: loss=0.7941009, acc=38.11%
t=323k: loss=0.7942097, acc=38.00%
t=324k: loss=0.7939730, acc=38.36%
t=325k: loss=0.7937093, acc=38.28%
t=326k: loss=0.7935386, acc=38.53%
t=327k: loss=0.7934152, acc=38.52%
t=328k: loss=0.7932831, acc=38.68%
t=329k: loss=0.7931513, acc=38.68%
t=330k: loss=0.7931872, acc=38.56%
t=331k: loss=0.7929407, acc=38.63%
t=332k: loss=0.7928674, acc=38.28%
t=333k: loss=0.7926861, acc=38.49%
t=334k: loss=0.7926546, acc=38.71%
t=335k: loss=0.7927149, acc=38.65%
t=336k: loss=0.7926029, acc=38.69%
t=337k: loss=0.7923908, acc=38.80%
t=338k: loss=0.7922846, acc=38.89%
t=339k: loss=0.7921461, acc=39.03%
t=340k: loss=0.7921437, acc=39.15%
t=341k: loss=0.7921882, acc=39.01%
t=342k: loss=0.7919364, acc=39.18%
t=343k: loss=0.7918875, acc=39.39%
t=344k: loss=0.7917697, acc=39.48%
t=345k: loss=0.7915540, acc=39.60%
t=346k: loss=0.7915021, acc=39.86%
t=347k: loss=0.7914801, acc=39.83%
t=348k: loss=0.7913806, acc=39.99%
t=349k: loss=0.7913268, acc=40.29%
t=350k: loss=0.7910704, acc=40.71%
t=351k: loss=0.7908802, acc=40.83%
t=352k: loss=0.7907456, acc=40.48%
t=353k: loss=0.7907180, acc=40.60%
t=354k: loss=0.7906742, acc=40.75%
t=355k: loss=0.7905068, acc=40.96%
t=356k: loss=0.7905120, acc=40.94%
t=357k: loss=0.7905396, acc=40.83%
t=358k: loss=0.7903725, acc=41.07%
t=359k: loss=0.7903936, acc=41.16%
t=360k: loss=0.7903487, acc=41.61%
t=361k: loss=0.7903727, acc=41.58%
t=362k: loss=0.7903948, acc=41.78%
t=363k: loss=0.7901595, acc=41.67%
t=364k: loss=0.7899314, acc=41.74%
t=365k: loss=0.7898670, acc=41.61%
t=366k: loss=0.7896503, acc=41.36%
t=367k: loss=0.7893984, acc=41.65%
t=368k: loss=0.7894303, acc=41.50%
t=369k: loss=0.7892466, acc=41.59%
t=370k: loss=0.7889739, acc=41.63%
t=371k: loss=0.7887522, acc=41.88%
t=372k: loss=0.7886841, acc=42.12%
t=373k: loss=0.7886199, acc=42.16%
t=374k: loss=0.7886908, acc=42.03%
t=375k: loss=0.7886948, acc=42.09%
t=376k: loss=0.7885443, acc=41.91%
t=377k: loss=0.7884391, acc=42.01%
t=378k: loss=0.7881602, acc=42.22%
t=379k: loss=0.7880583, acc=42.41%
t=380k: loss=0.7882515, acc=42.29%
t=381k: loss=0.7881282, acc=42.34%
t=382k: loss=0.7879546, acc=42.36%
t=383k: loss=0.7879291, acc=42.53%
t=384k: loss=0.7879276, acc=42.88%
t=385k: loss=0.7878390, acc=42.46%
t=386k: loss=0.7878203, acc=42.47%
t=387k: loss=0.7878890, acc=42.65%
t=388k: loss=0.7879208, acc=42.70%
t=389k: loss=0.7879217, acc=42.66%
t=390k: loss=0.7878450, acc=43.08%
t=391k: loss=0.7879360, acc=42.84%
t=392k: loss=0.7879885, acc=43.07%
t=393k: loss=0.7879708, acc=43.07%
t=394k: loss=0.7878835, acc=42.89%
t=395k: loss=0.7878905, acc=42.89%
t=396k: loss=0.7878861, acc=43.07%
t=397k: loss=0.7877010, acc=43.41%
t=398k: loss=0.7878397, acc=43.55%
t=399k: loss=0.7877765, acc=43.55%
t=400k: loss=0.7875341, acc=43.13%
t=401k: loss=0.7874654, acc=43.10%
t=402k: loss=0.7873894, acc=43.33%
t=403k: loss=0.7871908, acc=43.42%
t=404k: loss=0.7869965, acc=43.14%
t=405k: loss=0.7868286, acc=43.04%
t=406k: loss=0.7867911, acc=43.13%
t=407k: loss=0.7868685, acc=43.25%
t=408k: loss=0.7866914, acc=43.37%
t=409k: loss=0.7865933, acc=43.31%
t=410k: loss=0.7866418, acc=43.31%
t=411k: loss=0.7865036, acc=43.70%
t=412k: loss=0.7864122, acc=44.01%
t=413k: loss=0.7863928, acc=44.05%
t=414k: loss=0.7863516, acc=44.30%
t=415k: loss=0.7863025, acc=44.31%
t=416k: loss=0.7862699, acc=44.14%
t=417k: loss=0.7860720, acc=44.16%
t=418k: loss=0.7859652, acc=44.12%
t=419k: loss=0.7858967, acc=44.27%
t=420k: loss=0.7857697, acc=44.50%
t=421k: loss=0.7857008, acc=44.63%
t=422k: loss=0.7855544, acc=44.73%
t=423k: loss=0.7856289, acc=44.67%
t=424k: loss=0.7856293, acc=44.68%
t=425k: loss=0.7856983, acc=44.72%
t=426k: loss=0.7857246, acc=44.94%
t=427k: loss=0.7857584, acc=44.92%
t=428k: loss=0.7858351, acc=45.26%
t=429k: loss=0.7858099, acc=45.34%
t=430k: loss=0.7857834, acc=45.30%
t=431k: loss=0.7857313, acc=45.23%
t=432k: loss=0.7857861, acc=45.21%
t=433k: loss=0.7856887, acc=45.56%
t=434k: loss=0.7855154, acc=45.65%
t=435k: loss=0.7854003, acc=45.81%
t=436k: loss=0.7852521, acc=45.69%
t=437k: loss=0.7851665, acc=45.92%
t=438k: loss=0.7849837, acc=45.81%
t=439k: loss=0.7848713, acc=45.80%
t=440k: loss=0.7847880, acc=45.99%
t=441k: loss=0.7847243, acc=46.14%
t=442k: loss=0.7844800, acc=46.14%
t=443k: loss=0.7843381, acc=46.27%
t=444k: loss=0.7843672, acc=46.56%
t=445k: loss=0.7841208, acc=46.32%
t=446k: loss=0.7839482, acc=46.65%
t=447k: loss=0.7838528, acc=46.70%
t=448k: loss=0.7838207, acc=46.82%
t=449k: loss=0.7836636, acc=47.04%
t=450k: loss=0.7837254, acc=47.35%
t=451k: loss=0.7837045, acc=47.35%
t=452k: loss=0.7836884, acc=47.16%
t=453k: loss=0.7836608, acc=47.06%
t=454k: loss=0.7836259, acc=47.40%
t=455k: loss=0.7837090, acc=47.15%
t=456k: loss=0.7835956, acc=46.89%
t=457k: loss=0.7835213, acc=46.94%
t=458k: loss=0.7834121, acc=47.32%
t=459k: loss=0.7834681, acc=47.44%
t=460k: loss=0.7833540, acc=47.12%
t=461k: loss=0.7832670, acc=47.32%
t=462k: loss=0.7833256, acc=47.50%
t=463k: loss=0.7831620, acc=47.27%
t=464k: loss=0.7830628, acc=47.41%
t=465k: loss=0.7830825, acc=47.19%
t=466k: loss=0.7830916, acc=47.37%
t=467k: loss=0.7829051, acc=47.11%
t=468k: loss=0.7828099, acc=47.02%
t=469k: loss=0.7829513, acc=47.08%
t=470k: loss=0.7828761, acc=47.12%
t=471k: loss=0.7829446, acc=47.23%
t=472k: loss=0.7829974, acc=46.87%
t=473k: loss=0.7829882, acc=47.15%
t=474k: loss=0.7830745, acc=46.97%
t=475k: loss=0.7829576, acc=47.06%
t=476k: loss=0.7828536, acc=47.20%
t=477k: loss=0.7830790, acc=47.47%
t=478k: loss=0.7830035, acc=47.95%
t=479k: loss=0.7825294, acc=47.61%
t=480k: loss=0.7823893, acc=47.66%
t=481k: loss=0.7823281, acc=48.03%
t=482k: loss=0.7821931, acc=47.69%
t=483k: loss=0.7821349, acc=47.64%
t=484k: loss=0.7819487, acc=47.86%
t=485k: loss=0.7819682, acc=47.52%
t=486k: loss=0.7818607, acc=47.70%
t=487k: loss=0.7815684, acc=47.83%
t=488k: loss=0.7815161, acc=47.78%
t=489k: loss=0.7817924, acc=48.41%
t=490k: loss=0.7818305, acc=48.65%
t=491k: loss=0.7817260, acc=48.80%
t=492k: loss=0.7814570, acc=48.91%
t=493k: loss=0.7814671, acc=48.74%
t=494k: loss=0.7813815, acc=48.92%
t=495k: loss=0.7813155, acc=48.84%
t=496k: loss=0.7814751, acc=48.62%
t=497k: loss=0.7816145, acc=48.66%
t=498k: loss=0.7817582, acc=48.92%
t=499k: loss=0.7816864, acc=48.99%
t=500k: loss=0.7816535, acc=48.73%
t=501k: loss=0.7814897, acc=48.92%
t=502k: loss=0.7816841, acc=48.78%
t=503k: loss=0.7816031, acc=48.77%
t=504k: loss=0.7815794, acc=48.99%
t=505k: loss=0.7815119, acc=49.04%
t=506k: loss=0.7814198, acc=48.94%
t=507k: loss=0.7813509, acc=49.29%
t=508k: loss=0.7812666, acc=49.32%
t=509k: loss=0.7810313, acc=49.28%
t=510k: loss=0.7809100, acc=49.91%
t=511k: loss=0.7809068, acc=49.83%
t=512k: loss=0.7807934, acc=50.00%
t=513k: loss=0.7808062, acc=50.07%
t=514k: loss=0.7806924, acc=50.29%
t=515k: loss=0.7804400, acc=50.13%
t=516k: loss=0.7803312, acc=50.07%
t=517k: loss=0.7803250, acc=50.08%
t=518k: loss=0.7802749, acc=50.22%
t=519k: loss=0.7803609, acc=50.43%
t=520k: loss=0.7803952, acc=50.18%
t=521k: loss=0.7804297, acc=49.93%
t=522k: loss=0.7803400, acc=50.07%
t=523k: loss=0.7802134, acc=49.72%
t=524k: loss=0.7802778, acc=49.65%
t=525k: loss=0.7803050, acc=49.50%
t=526k: loss=0.7803154, acc=49.65%
t=527k: loss=0.7801994, acc=49.66%
t=528k: loss=0.7801603, acc=49.78%
t=529k: loss=0.7801171, acc=49.74%
t=530k: loss=0.7801191, acc=50.22%
t=531k: loss=0.7799361, acc=50.22%
t=532k: loss=0.7797969, acc=50.18%
t=533k: loss=0.7797947, acc=50.37%
t=534k: loss=0.7797050, acc=50.67%
t=535k: loss=0.7798877, acc=50.67%
t=536k: loss=0.7797591, acc=50.75%
t=537k: loss=0.7798323, acc=50.95%
t=538k: loss=0.7798568, acc=50.87%
t=539k: loss=0.7798357, acc=51.13%
t=540k: loss=0.7797920, acc=51.10%
t=541k: loss=0.7798281, acc=51.01%
t=542k: loss=0.7800183, acc=51.17%
t=543k: loss=0.7800496, acc=51.26%
t=544k: loss=0.7800125, acc=51.37%
t=545k: loss=0.7798165, acc=51.13%
t=546k: loss=0.7797172, acc=51.12%
t=547k: loss=0.7795771, acc=51.26%
t=548k: loss=0.7794102, acc=51.46%
t=549k: loss=0.7792593, acc=51.56%
t=550k: loss=0.7790915, acc=51.72%
t=551k: loss=0.7790391, acc=52.06%
t=552k: loss=0.7788364, acc=51.97%
t=553k: loss=0.7786912, acc=51.75%
t=554k: loss=0.7786709, acc=51.85%
t=555k: loss=0.7788493, acc=51.64%
t=556k: loss=0.7790745, acc=51.67%
t=557k: loss=0.7789324, acc=51.73%
t=558k: loss=0.7789315, acc=51.81%
t=559k: loss=0.7790182, acc=51.60%
t=560k: loss=0.7791721, acc=51.64%
t=561k: loss=0.7790765, acc=51.86%
t=562k: loss=0.7792381, acc=51.90%
t=563k: loss=0.7792246, acc=51.92%
t=564k: loss=0.7791330, acc=52.17%
t=565k: loss=0.7788722, acc=52.02%
t=566k: loss=0.7786719, acc=52.13%
t=567k: loss=0.7787518, acc=52.11%
t=568k: loss=0.7787307, acc=52.17%
t=569k: loss=0.7785384, acc=51.81%
t=570k: loss=0.7783321, acc=52.06%
t=571k: loss=0.7783000, acc=52.11%
t=572k: loss=0.7780625, acc=52.18%
t=573k: loss=0.7780578, acc=52.22%
t=574k: loss=0.7781579, acc=52.21%
t=575k: loss=0.7781684, acc=52.21%
t=576k: loss=0.7780803, acc=52.40%
t=577k: loss=0.7779698, acc=52.46%
t=578k: loss=0.7778957, acc=52.44%
t=579k: loss=0.7779657, acc=52.50%
t=580k: loss=0.7778739, acc=52.65%
t=581k: loss=0.7779764, acc=52.77%
t=582k: loss=0.7780794, acc=52.38%
t=583k: loss=0.7780020, acc=52.08%
t=584k: loss=0.7778693, acc=52.25%
t=585k: loss=0.7778405, acc=52.23%
t=586k: loss=0.7779903, acc=52.36%
t=587k: loss=0.7779766, acc=52.64%
t=588k: loss=0.7779247, acc=52.59%
t=589k: loss=0.7779561, acc=52.39%
t=590k: loss=0.7780228, acc=52.30%
t=591k: loss=0.7779435, acc=52.44%
t=592k: loss=0.7777563, acc=52.60%
t=593k: loss=0.7778975, acc=52.73%
t=594k: loss=0.7779963, acc=52.63%
t=595k: loss=0.7780821, acc=52.92%
t=596k: loss=0.7779135, acc=52.94%
t=597k: loss=0.7779831, acc=52.94%
t=598k: loss=0.7778529, acc=53.19%
t=599k: loss=0.7776799, acc=53.02%
t=600k: loss=0.7777649, acc=53.20%
t=601k: loss=0.7776369, acc=53.34%
t=602k: loss=0.7776136, acc=53.26%
t=603k: loss=0.7773485, acc=53.32%
t=604k: loss=0.7771327, acc=53.34%
t=605k: loss=0.7770465, acc=53.76%
t=606k: loss=0.7770107, acc=53.57%
t=607k: loss=0.7768735, acc=53.73%
t=608k: loss=0.7769453, acc=53.69%
t=609k: loss=0.7769604, acc=53.65%
t=610k: loss=0.7768053, acc=54.01%
t=611k: loss=0.7768010, acc=53.73%
t=612k: loss=0.7768579, acc=53.74%
t=613k: loss=0.7770116, acc=53.68%
t=614k: loss=0.7771006, acc=53.78%
t=615k: loss=0.7770147, acc=54.08%
t=616k: loss=0.7770379, acc=54.32%
t=617k: loss=0.7770322, acc=54.15%
t=618k: loss=0.7768823, acc=54.45%
t=619k: loss=0.7768934, acc=54.40%
t=620k: loss=0.7770254, acc=54.40%
t=621k: loss=0.7772055, acc=54.53%
t=622k: loss=0.7772396, acc=54.49%
t=623k: loss=0.7770594, acc=54.54%
t=624k: loss=0.7769466, acc=54.33%
t=625k: loss=0.7769839, acc=54.35%
t=626k: loss=0.7768751, acc=54.64%
t=627k: loss=0.7767655, acc=54.71%
t=628k: loss=0.7766445, acc=54.87%
t=629k: loss=0.7766505, acc=54.70%
t=630k: loss=0.7765301, acc=54.61%
t=631k: loss=0.7761142, acc=54.75%
t=632k: loss=0.7760464, acc=54.95%
t=633k: loss=0.7760268, acc=55.00%
t=634k: loss=0.7759742, acc=55.24%
t=635k: loss=0.7759401, acc=55.11%
t=636k: loss=0.7759844, acc=55.20%
t=637k: loss=0.7760207, acc=55.42%
t=638k: loss=0.7762494, acc=55.61%
t=639k: loss=0.7762377, acc=55.25%
t=640k: loss=0.7762219, acc=55.44%
t=641k: loss=0.7765052, acc=55.56%
t=642k: loss=0.7765159, acc=55.37%
t=643k: loss=0.7765823, acc=55.36%
t=644k: loss=0.7764966, acc=55.25%
t=645k: loss=0.7763327, acc=55.32%
t=646k: loss=0.7763472, acc=55.38%
t=647k: loss=0.7762913, acc=55.58%
t=648k: loss=0.7763174, acc=55.52%
t=649k: loss=0.7763655, acc=55.70%
t=650k: loss=0.7763424, acc=55.45%
t=651k: loss=0.7763198, acc=55.58%
t=652k: loss=0.7762259, acc=55.70%
t=653k: loss=0.7760943, acc=55.79%
t=654k: loss=0.7762801, acc=55.86%
t=655k: loss=0.7763314, acc=55.86%
t=656k: loss=0.7762355, acc=55.94%
t=657k: loss=0.7760974, acc=56.02%
t=658k: loss=0.7759313, acc=55.71%
t=659k: loss=0.7756400, acc=55.67%
t=660k: loss=0.7755662, acc=55.59%
t=661k: loss=0.7755051, acc=55.79%
t=662k: loss=0.7754562, acc=55.66%
t=663k: loss=0.7753185, acc=55.71%
t=664k: loss=0.7750611, acc=55.52%
t=665k: loss=0.7750088, acc=55.17%
t=666k: loss=0.7748883, acc=55.35%
t=667k: loss=0.7750018, acc=55.19%
t=668k: loss=0.7751120, acc=55.50%
t=669k: loss=0.7751510, acc=55.50%
t=670k: loss=0.7749374, acc=55.54%
t=671k: loss=0.7747509, acc=55.52%
t=672k: loss=0.7746463, acc=55.53%
t=673k: loss=0.7748200, acc=55.75%
t=674k: loss=0.7748997, acc=55.81%
t=675k: loss=0.7750004, acc=55.73%
t=676k: loss=0.7751933, acc=55.46%
t=677k: loss=0.7752848, acc=55.62%
t=678k: loss=0.7751826, acc=55.53%
t=679k: loss=0.7753529, acc=55.63%
t=680k: loss=0.7754674, acc=55.66%
t=681k: loss=0.7756657, acc=55.74%
t=682k: loss=0.7757682, acc=55.78%
t=683k: loss=0.7758611, acc=55.99%
t=684k: loss=0.7760385, acc=56.08%
t=685k: loss=0.7758624, acc=56.16%
t=686k: loss=0.7756902, acc=56.00%
t=687k: loss=0.7755343, acc=56.32%
t=688k: loss=0.7754385, acc=56.46%
t=689k: loss=0.7752565, acc=56.51%
t=690k: loss=0.7750788, acc=56.44%
t=691k: loss=0.7749119, acc=56.58%
t=692k: loss=0.7749188, acc=56.54%
t=693k: loss=0.7746466, acc=56.51%
t=694k: loss=0.7744364, acc=56.75%
t=695k: loss=0.7743651, acc=56.82%
t=696k: loss=0.7744899, acc=56.70%
t=697k: loss=0.7745186, acc=56.69%
t=698k: loss=0.7745796, acc=56.55%
t=699k: loss=0.7747178, acc=56.65%
t=700k: loss=0.7748149, acc=56.74%
t=701k: loss=0.7748139, acc=56.97%
t=702k: loss=0.7747155, acc=56.78%
t=703k: loss=0.7747110, acc=57.07%
t=704k: loss=0.7746955, acc=56.88%
t=705k: loss=0.7747850, acc=56.97%
t=706k: loss=0.7747125, acc=56.95%
t=707k: loss=0.7746817, acc=56.86%
t=708k: loss=0.7746635, acc=56.91%
t=709k: loss=0.7746145, acc=57.08%
t=710k: loss=0.7745769, acc=56.79%
t=711k: loss=0.7745756, acc=56.87%
t=712k: loss=0.7745130, acc=56.57%
t=713k: loss=0.7746217, acc=56.45%
t=714k: loss=0.7745971, acc=56.50%
t=715k: loss=0.7745855, acc=56.62%
t=716k: loss=0.7744459, acc=56.71%
t=717k: loss=0.7743193, acc=56.90%
t=718k: loss=0.7742235, acc=56.63%
t=719k: loss=0.7740609, acc=56.87%
t=720k: loss=0.7739690, acc=57.03%
t=721k: loss=0.7738710, acc=56.90%
t=722k: loss=0.7739103, acc=56.93%
t=723k: loss=0.7738841, acc=56.93%
t=724k: loss=0.7739303, acc=57.07%
t=725k: loss=0.7738729, acc=57.05%
t=726k: loss=0.7740195, acc=57.16%
t=727k: loss=0.7741820, acc=57.34%
t=728k: loss=0.7742393, acc=57.28%
t=729k: loss=0.7742400, acc=57.47%
t=730k: loss=0.7744814, acc=57.54%
t=731k: loss=0.7744792, acc=57.47%
t=732k: loss=0.7745340, acc=57.51%
t=733k: loss=0.7743857, acc=57.66%
t=734k: loss=0.7743014, acc=57.51%
t=735k: loss=0.7743858, acc=57.58%
t=736k: loss=0.7742388, acc=57.51%
t=737k: loss=0.7741308, acc=57.50%
t=738k: loss=0.7740738, acc=57.42%
t=739k: loss=0.7741748, acc=57.55%
t=740k: loss=0.7740467, acc=57.66%
t=741k: loss=0.7741662, acc=57.79%
t=742k: loss=0.7739804, acc=58.05%
t=743k: loss=0.7740885, acc=58.12%
t=744k: loss=0.7739365, acc=58.05%
t=745k: loss=0.7736860, acc=58.47%
t=746k: loss=0.7737531, acc=58.39%
t=747k: loss=0.7736958, acc=58.69%
t=748k: loss=0.7737055, acc=58.54%
t=749k: loss=0.7734921, acc=58.58%
t=750k: loss=0.7734567, acc=58.63%
t=751k: loss=0.7734185, acc=58.55%
t=752k: loss=0.7734391, acc=58.67%
t=753k: loss=0.7733190, acc=58.69%
t=754k: loss=0.7734549, acc=58.68%
t=755k: loss=0.7736281, acc=58.66%
t=756k: loss=0.7736216, acc=58.41%
t=757k: loss=0.7735935, acc=58.48%
t=758k: loss=0.7734215, acc=58.54%
t=759k: loss=0.7733853, acc=58.46%
t=760k: loss=0.7734664, acc=58.46%
t=761k: loss=0.7734296, acc=58.47%
t=762k: loss=0.7734107, acc=58.64%
t=763k: loss=0.7735859, acc=58.30%
t=764k: loss=0.7736000, acc=58.01%
t=765k: loss=0.7735762, acc=58.08%
t=766k: loss=0.7734924, acc=58.23%
t=767k: loss=0.7734354, acc=58.31%
t=768k: loss=0.7736084, acc=58.26%
t=769k: loss=0.7737080, acc=58.38%
t=770k: loss=0.7735953, acc=58.55%
t=771k: loss=0.7737172, acc=58.63%
t=772k: loss=0.7735807, acc=58.54%
t=773k: loss=0.7734356, acc=58.60%
t=774k: loss=0.7732641, acc=58.72%
t=775k: loss=0.7730448, acc=58.69%
t=776k: loss=0.7729233, acc=58.98%
t=777k: loss=0.7730806, acc=59.01%
t=778k: loss=0.7729662, acc=58.88%
t=779k: loss=0.7730186, acc=58.44%
t=780k: loss=0.7730321, acc=58.67%
t=781k: loss=0.7727438, acc=58.81%
t=782k: loss=0.7728847, acc=58.94%
t=783k: loss=0.7728910, acc=58.94%
t=784k: loss=0.7730471, acc=59.08%
t=785k: loss=0.7731558, acc=59.11%
t=786k: loss=0.7732412, acc=58.90%
t=787k: loss=0.7731840, acc=58.98%
t=788k: loss=0.7731296, acc=59.05%
t=789k: loss=0.7730573, acc=59.01%
t=790k: loss=0.7730418, acc=58.98%
t=791k: loss=0.7729282, acc=59.05%
t=792k: loss=0.7728613, acc=59.08%
t=793k: loss=0.7728096, acc=59.25%
t=794k: loss=0.7726744, acc=59.17%
t=795k: loss=0.7726116, acc=59.25%
t=796k: loss=0.7726136, acc=59.21%
t=797k: loss=0.7724415, acc=59.23%
t=798k: loss=0.7725048, acc=59.27%
t=799k: loss=0.7723964, acc=59.18%
t=800k: loss=0.7723973, acc=59.35%
t=801k: loss=0.7724874, acc=59.25%
t=802k: loss=0.7725192, acc=59.51%
t=803k: loss=0.7723790, acc=59.22%
t=804k: loss=0.7723144, acc=59.40%
t=805k: loss=0.7724247, acc=59.39%
t=806k: loss=0.7721677, acc=59.46%
t=807k: loss=0.7723149, acc=59.63%
t=808k: loss=0.7722656, acc=59.44%
t=809k: loss=0.7723742, acc=59.29%
t=810k: loss=0.7722837, acc=59.52%
t=811k: loss=0.7724507, acc=59.43%
t=812k: loss=0.7723582, acc=59.42%
t=813k: loss=0.7724108, acc=59.34%
t=814k: loss=0.7724818, acc=59.44%
t=815k: loss=0.7725671, acc=59.68%
t=816k: loss=0.7727655, acc=59.39%
t=817k: loss=0.7726682, acc=59.40%
t=818k: loss=0.7726744, acc=59.57%
t=819k: loss=0.7725950, acc=59.57%
t=820k: loss=0.7726053, acc=59.82%
t=821k: loss=0.7725010, acc=59.64%
t=822k: loss=0.7725870, acc=59.80%
t=823k: loss=0.7725925, acc=60.03%
t=824k: loss=0.7725269, acc=59.98%
t=825k: loss=0.7724522, acc=59.88%
t=826k: loss=0.7722627, acc=59.85%
t=827k: loss=0.7723871, acc=59.81%
t=828k: loss=0.7724491, acc=59.85%
t=829k: loss=0.7725196, acc=59.68%
t=830k: loss=0.7724861, acc=59.71%
t=831k: loss=0.7724381, acc=59.60%
t=832k: loss=0.7724125, acc=59.39%
t=833k: loss=0.7724033, acc=59.80%
t=834k: loss=0.7725472, acc=59.72%
t=835k: loss=0.7724257, acc=59.68%
t=836k: loss=0.7725074, acc=59.51%
t=837k: loss=0.7722799, acc=59.52%
t=838k: loss=0.7721100, acc=59.59%
t=839k: loss=0.7719526, acc=59.69%
t=840k: loss=0.7720452, acc=59.22%
t=841k: loss=0.7720557, acc=59.38%
t=842k: loss=0.7720046, acc=59.38%
t=843k: loss=0.7721334, acc=59.26%
t=844k: loss=0.7720484, acc=59.30%
t=845k: loss=0.7718752, acc=59.40%
t=846k: loss=0.7719876, acc=59.35%
t=847k: loss=0.7720481, acc=59.52%
t=848k: loss=0.7722258, acc=59.48%
t=849k: loss=0.7723150, acc=59.51%
t=850k: loss=0.7722863, acc=59.40%
t=851k: loss=0.7722776, acc=59.93%
t=852k: loss=0.7723487, acc=59.99%
t=853k: loss=0.7722970, acc=60.15%
t=854k: loss=0.7722919, acc=59.92%
t=855k: loss=0.7724274, acc=59.94%
t=856k: loss=0.7724049, acc=60.17%
t=857k: loss=0.7723999, acc=60.11%
t=858k: loss=0.7722708, acc=60.11%
t=859k: loss=0.7722769, acc=60.38%
t=860k: loss=0.7721873, acc=60.69%
t=861k: loss=0.7720858, acc=60.44%
t=862k: loss=0.7720126, acc=60.60%
t=863k: loss=0.7718679, acc=60.52%
t=864k: loss=0.7716894, acc=60.55%
t=865k: loss=0.7716582, acc=60.42%
t=866k: loss=0.7716716, acc=60.57%
t=867k: loss=0.7716807, acc=60.40%
t=868k: loss=0.7717378, acc=60.39%
t=869k: loss=0.7715875, acc=60.61%
t=870k: loss=0.7715037, acc=60.63%
t=871k: loss=0.7715119, acc=60.48%
t=872k: loss=0.7715053, acc=60.76%
t=873k: loss=0.7715572, acc=60.53%
t=874k: loss=0.7716352, acc=60.59%
t=875k: loss=0.7716243, acc=60.66%
t=876k: loss=0.7715916, acc=60.49%
t=877k: loss=0.7715292, acc=60.44%
t=878k: loss=0.7713913, acc=60.24%
t=879k: loss=0.7715480, acc=60.15%
t=880k: loss=0.7716420, acc=60.28%
t=881k: loss=0.7715875, acc=60.34%
t=882k: loss=0.7713894, acc=60.40%
t=883k: loss=0.7712517, acc=60.47%
t=884k: loss=0.7712829, acc=60.55%
t=885k: loss=0.7714197, acc=60.52%
t=886k: loss=0.7713870, acc=60.45%
t=887k: loss=0.7714781, acc=60.43%
t=888k: loss=0.7715780, acc=60.36%
t=889k: loss=0.7715442, acc=60.36%
t=890k: loss=0.7716337, acc=60.48%
t=891k: loss=0.7716645, acc=60.63%
t=892k: loss=0.7717635, acc=60.73%
t=893k: loss=0.7718692, acc=60.90%
t=894k: loss=0.7718448, acc=60.77%
t=895k: loss=0.7718226, acc=60.95%
t=896k: loss=0.7716527, acc=61.11%
t=897k: loss=0.7715414, acc=61.11%
t=898k: loss=0.7713875, acc=61.20%
t=899k: loss=0.7713356, acc=61.15%
t=900k: loss=0.7711640, acc=61.01%
t=901k: loss=0.7712165, acc=61.05%
t=902k: loss=0.7712608, acc=60.90%
t=903k: loss=0.7712144, acc=60.77%
t=904k: loss=0.7712549, acc=60.85%
t=905k: loss=0.7711340, acc=60.87%
t=906k: loss=0.7711807, acc=60.86%
t=907k: loss=0.7713023, acc=60.77%
t=908k: loss=0.7714175, acc=60.95%
t=909k: loss=0.7713161, acc=61.02%
t=910k: loss=0.7712607, acc=60.95%
t=911k: loss=0.7712087, acc=61.18%
t=912k: loss=0.7712007, acc=61.14%
t=913k: loss=0.7711453, acc=61.12%
t=914k: loss=0.7710196, acc=61.15%
t=915k: loss=0.7708548, acc=61.18%
t=916k: loss=0.7709129, acc=61.35%
t=917k: loss=0.7708891, acc=61.41%
t=918k: loss=0.7708255, acc=61.35%
t=919k: loss=0.7707948, acc=61.24%
t=920k: loss=0.7707983, acc=61.15%
t=921k: loss=0.7707628, acc=60.99%
t=922k: loss=0.7706265, acc=61.14%
t=923k: loss=0.7705717, acc=60.95%
t=924k: loss=0.7708211, acc=61.12%
t=925k: loss=0.7710843, acc=60.98%
t=926k: loss=0.7710058, acc=60.99%
t=927k: loss=0.7709490, acc=61.05%
t=928k: loss=0.7709402, acc=61.24%
t=929k: loss=0.7710054, acc=60.95%
t=930k: loss=0.7710267, acc=60.95%
t=931k: loss=0.7710653, acc=60.90%
t=932k: loss=0.7713451, acc=61.07%
t=933k: loss=0.7715579, acc=60.89%
t=934k: loss=0.7714373, acc=60.97%
t=935k: loss=0.7712416, acc=60.97%
t=936k: loss=0.7713404, acc=60.87%
t=937k: loss=0.7711501, acc=61.02%
t=938k: loss=0.7711168, acc=61.16%
t=939k: loss=0.7710971, acc=61.22%
t=940k: loss=0.7710115, acc=61.31%
t=941k: loss=0.7710136, acc=61.37%
t=942k: loss=0.7708152, acc=61.61%
t=943k: loss=0.7706675, acc=61.60%
t=944k: loss=0.7704684, acc=61.47%
t=945k: loss=0.7706035, acc=61.60%
t=946k: loss=0.7706616, acc=61.62%
t=947k: loss=0.7707959, acc=61.87%
t=948k: loss=0.7707961, acc=61.70%
t=949k: loss=0.7706640, acc=61.65%
t=950k: loss=0.7706849, acc=61.68%
t=951k: loss=0.7705584, acc=61.89%
t=952k: loss=0.7705131, acc=61.79%
t=953k: loss=0.7705588, acc=61.69%
t=954k: loss=0.7705684, acc=61.40%
t=955k: loss=0.7704378, acc=61.35%
t=956k: loss=0.7703083, acc=61.27%
t=957k: loss=0.7703433, acc=61.39%
t=958k: loss=0.7702248, acc=61.54%
t=959k: loss=0.7703900, acc=61.49%
t=960k: loss=0.7704062, acc=61.53%
t=961k: loss=0.7705175, acc=61.58%
t=962k: loss=0.7705551, acc=61.62%
t=963k: loss=0.7704115, acc=61.78%
t=964k: loss=0.7705443, acc=61.60%
t=965k: loss=0.7705732, acc=61.65%
t=966k: loss=0.7705999, acc=61.86%
t=967k: loss=0.7705175, acc=61.82%
t=968k: loss=0.7706153, acc=62.02%
t=969k: loss=0.7704945, acc=61.75%
t=970k: loss=0.7705307, acc=62.03%
t=971k: loss=0.7704407, acc=61.86%
t=972k: loss=0.7703892, acc=61.78%
t=973k: loss=0.7704131, acc=61.70%
t=974k: loss=0.7704252, acc=61.86%
t=975k: loss=0.7704136, acc=61.81%
t=976k: loss=0.7703163, acc=61.87%
t=977k: loss=0.7702470, acc=61.66%
t=978k: loss=0.7703065, acc=61.72%
t=979k: loss=0.7702194, acc=61.83%
t=980k: loss=0.7701060, acc=62.07%
t=981k: loss=0.7703232, acc=62.00%
t=982k: loss=0.7703162, acc=61.93%
t=983k: loss=0.7703579, acc=61.98%
t=984k: loss=0.7701615, acc=62.03%
t=985k: loss=0.7700598, acc=61.98%
t=986k: loss=0.7701656, acc=62.02%
t=987k: loss=0.7702137, acc=61.93%
t=988k: loss=0.7701217, acc=62.12%
t=989k: loss=0.7702580, acc=62.23%
t=990k: loss=0.7704532, acc=62.16%
t=991k: loss=0.7703370, acc=62.35%
t=992k: loss=0.7702991, acc=62.03%
t=993k: loss=0.7701885, acc=62.12%
t=994k: loss=0.7704057, acc=62.12%
t=995k: loss=0.7703820, acc=61.95%
t=996k: loss=0.7701543, acc=62.02%
t=997k: loss=0.7700355, acc=62.19%
t=998k: loss=0.7700145, acc=62.15%
t=999k: loss=0.7699026, acc=62.28%
t=1000k: loss=0.7696398, acc=62.16%
t=1001k: loss=0.7695761, acc=62.19%
t=1002k: loss=0.7695884, acc=62.24%
t=1003k: loss=0.7697083, acc=62.23%
t=1004k: loss=0.7696565, acc=62.29%
t=1005k: loss=0.7697577, acc=62.23%
t=1006k: loss=0.7699300, acc=62.31%
t=1007k: loss=0.7700918, acc=62.33%
t=1008k: loss=0.7701352, acc=62.12%
t=1009k: loss=0.7701840, acc=62.25%
t=1010k: loss=0.7701797, acc=62.23%
t=1011k: loss=0.7700637, acc=62.58%
t=1012k: loss=0.7701551, acc=62.53%
t=1013k: loss=0.7701537, acc=62.36%
t=1014k: loss=0.7701081, acc=62.17%
t=1015k: loss=0.7701315, acc=62.46%
t=1016k: loss=0.7701024, acc=62.44%
t=1017k: loss=0.7700775, acc=62.44%
t=1018k: loss=0.7700060, acc=62.29%
t=1019k: loss=0.7699480, acc=62.14%
t=1020k: loss=0.7700805, acc=62.31%
t=1021k: loss=0.7702573, acc=62.23%
t=1022k: loss=0.7701411, acc=62.31%
t=1023k: loss=0.7701376, acc=62.27%
t=1024k: loss=0.7700671, acc=62.24%
t=1025k: loss=0.7701474, acc=62.28%
t=1026k: loss=0.7699992, acc=62.20%
t=1027k: loss=0.7700282, acc=62.21%
t=1028k: loss=0.7701063, acc=62.19%
t=1029k: loss=0.7700659, acc=62.24%
t=1030k: loss=0.7701372, acc=62.36%
t=1031k: loss=0.7701996, acc=62.15%
t=1032k: loss=0.7703109, acc=62.27%
t=1033k: loss=0.7702725, acc=62.20%
t=1034k: loss=0.7702835, acc=62.21%
t=1035k: loss=0.7701469, acc=62.27%
t=1036k: loss=0.7702836, acc=62.27%
t=1037k: loss=0.7701907, acc=62.41%
t=1038k: loss=0.7701699, acc=62.27%
t=1039k: loss=0.7702644, acc=62.39%
t=1040k: loss=0.7701339, acc=62.35%
t=1041k: loss=0.7700809, acc=62.40%
t=1042k: loss=0.7700780, acc=62.54%
t=1043k: loss=0.7701098, acc=62.73%
t=1044k: loss=0.7701011, acc=62.71%
t=1045k: loss=0.7700916, acc=62.61%
t=1046k: loss=0.7700390, acc=62.70%
t=1047k: loss=0.7701391, acc=62.70%
t=1048k: loss=0.7700550, acc=62.52%
t=1049k: loss=0.7699677, acc=62.87%
t=1050k: loss=0.7700931, acc=62.82%
t=1051k: loss=0.7699962, acc=62.74%
t=1052k: loss=0.7700351, acc=62.90%
t=1053k: loss=0.7700300, acc=63.05%
t=1054k: loss=0.7700473, acc=63.23%
t=1055k: loss=0.7700015, acc=63.05%
t=1056k: loss=0.7699321, acc=63.23%
t=1057k: loss=0.7698233, acc=63.15%
t=1058k: loss=0.7698019, acc=63.08%
t=1059k: loss=0.7698756, acc=63.15%
t=1060k: loss=0.7697682, acc=63.15%
t=1061k: loss=0.7697481, acc=63.36%
t=1062k: loss=0.7696069, acc=63.05%
t=1063k: loss=0.7695812, acc=62.99%
t=1064k: loss=0.7696124, acc=63.02%
t=1065k: loss=0.7696631, acc=63.08%
t=1066k: loss=0.7697240, acc=63.05%
t=1067k: loss=0.7696734, acc=63.27%
t=1068k: loss=0.7698030, acc=63.08%
t=1069k: loss=0.7698280, acc=63.08%
t=1070k: loss=0.7700515, acc=63.00%
t=1071k: loss=0.7699457, acc=62.92%
t=1072k: loss=0.7700684, acc=62.83%
t=1073k: loss=0.7699736, acc=62.90%
t=1074k: loss=0.7699404, acc=62.95%
t=1075k: loss=0.7697756, acc=62.71%
t=1076k: loss=0.7697631, acc=62.69%
t=1077k: loss=0.7699047, acc=62.94%
t=1078k: loss=0.7698477, acc=62.82%
t=1079k: loss=0.7696676, acc=62.99%
t=1080k: loss=0.7696130, acc=63.05%
t=1081k: loss=0.7696742, acc=63.05%
t=1082k: loss=0.7696022, acc=62.99%
t=1083k: loss=0.7696831, acc=63.11%
t=1084k: loss=0.7695625, acc=62.91%
t=1085k: loss=0.7697476, acc=62.83%
t=1086k: loss=0.7697108, acc=62.98%
t=1087k: loss=0.7697132, acc=62.95%
t=1088k: loss=0.7697088, acc=62.87%
t=1089k: loss=0.7698123, acc=62.86%
t=1090k: loss=0.7697003, acc=63.20%
t=1091k: loss=0.7696578, acc=63.24%
t=1092k: loss=0.7696832, acc=62.96%
t=1093k: loss=0.7695362, acc=63.12%
t=1094k: loss=0.7696354, acc=63.17%
t=1095k: loss=0.7696616, acc=63.42%
t=1096k: loss=0.7697476, acc=63.24%
t=1097k: loss=0.7695599, acc=63.19%
t=1098k: loss=0.7695610, acc=63.19%
t=1099k: loss=0.7696021, acc=63.24%
t=1100k: loss=0.7694482, acc=63.28%
t=1101k: loss=0.7693965, acc=63.21%
t=1102k: loss=0.7693148, acc=63.16%
t=1103k: loss=0.7695108, acc=63.05%
t=1104k: loss=0.7693521, acc=63.02%
t=1105k: loss=0.7691910, acc=63.00%
t=1106k: loss=0.7690351, acc=62.98%
t=1107k: loss=0.7690538, acc=62.71%
t=1108k: loss=0.7690175, acc=62.75%
t=1109k: loss=0.7689207, acc=62.67%
t=1110k: loss=0.7691199, acc=62.78%
t=1111k: loss=0.7692198, acc=62.87%
t=1112k: loss=0.7694156, acc=62.94%
t=1113k: loss=0.7693602, acc=62.81%
t=1114k: loss=0.7694864, acc=62.94%
t=1115k: loss=0.7695346, acc=62.87%
t=1116k: loss=0.7698506, acc=62.88%
t=1117k: loss=0.7699431, acc=62.84%
t=1118k: loss=0.7699818, acc=63.00%
t=1119k: loss=0.7700908, acc=62.91%
t=1120k: loss=0.7699365, acc=62.84%
t=1121k: loss=0.7698514, acc=62.86%
t=1122k: loss=0.7697637, acc=62.88%
t=1123k: loss=0.7697605, acc=62.73%
t=1124k: loss=0.7698051, acc=62.95%
t=1125k: loss=0.7697494, acc=62.92%
t=1126k: loss=0.7694998, acc=62.95%
t=1127k: loss=0.7695361, acc=63.07%
t=1128k: loss=0.7696075, acc=62.91%
t=1129k: loss=0.7695273, acc=62.87%
t=1130k: loss=0.7696720, acc=62.99%
t=1131k: loss=0.7697195, acc=62.74%
t=1132k: loss=0.7696651, acc=63.02%
t=1133k: loss=0.7695953, acc=62.87%
t=1134k: loss=0.7695540, acc=62.87%
t=1135k: loss=0.7694909, acc=62.90%
t=1136k: loss=0.7695562, acc=63.04%
t=1137k: loss=0.7694235, acc=62.98%
t=1138k: loss=0.7693013, acc=63.25%
t=1139k: loss=0.7693017, acc=62.96%
t=1140k: loss=0.7692322, acc=62.95%
t=1141k: loss=0.7693009, acc=62.98%
t=1142k: loss=0.7691792, acc=63.15%
t=1143k: loss=0.7692675, acc=63.19%
t=1144k: loss=0.7692691, acc=63.09%
t=1145k: loss=0.7695167, acc=63.15%
t=1146k: loss=0.7694732, acc=63.28%
t=1147k: loss=0.7695906, acc=63.41%
t=1148k: loss=0.7695683, acc=63.54%
t=1149k: loss=0.7696186, acc=63.51%
t=1150k: loss=0.7694862, acc=63.53%
t=1151k: loss=0.7695728, acc=63.45%
t=1152k: loss=0.7697459, acc=63.40%
t=1153k: loss=0.7695514, acc=63.40%
t=1154k: loss=0.7696405, acc=63.50%
t=1155k: loss=0.7695061, acc=63.29%
t=1156k: loss=0.7695799, acc=63.48%
t=1157k: loss=0.7694868, acc=63.50%
t=1158k: loss=0.7695180, acc=63.46%
t=1159k: loss=0.7695741, acc=63.34%
t=1160k: loss=0.7695327, acc=63.61%
t=1161k: loss=0.7692747, acc=63.76%
t=1162k: loss=0.7691407, acc=63.69%
t=1163k: loss=0.7693136, acc=63.55%
t=1164k: loss=0.7692099, acc=63.67%
t=1165k: loss=0.7691997, acc=63.72%
t=1166k: loss=0.7691735, acc=63.49%
t=1167k: loss=0.7691315, acc=63.45%
t=1168k: loss=0.7691838, acc=63.48%
t=1169k: loss=0.7690880, acc=63.32%
t=1170k: loss=0.7692191, acc=63.38%
t=1171k: loss=0.7693566, acc=63.53%
t=1172k: loss=0.7694425, acc=63.46%
t=1173k: loss=0.7693273, acc=63.42%
t=1174k: loss=0.7695066, acc=63.50%
t=1175k: loss=0.7695708, acc=63.62%
t=1176k: loss=0.7697158, acc=63.57%
t=1177k: loss=0.7698487, acc=63.49%
t=1178k: loss=0.7698229, acc=63.41%
t=1179k: loss=0.7699211, acc=63.29%
t=1180k: loss=0.7698790, acc=63.32%
t=1181k: loss=0.7698781, acc=63.29%
t=1182k: loss=0.7697913, acc=63.29%
t=1183k: loss=0.7698943, acc=63.08%
t=1184k: loss=0.7696557, acc=63.19%
t=1185k: loss=0.7696189, acc=63.00%
t=1186k: loss=0.7695802, acc=62.96%
t=1187k: loss=0.7694440, acc=63.19%
t=1188k: loss=0.7695670, acc=63.15%
t=1189k: loss=0.7693608, acc=63.12%
t=1190k: loss=0.7695696, acc=63.03%
t=1191k: loss=0.7694252, acc=63.19%
t=1192k: loss=0.7695652, acc=63.20%
t=1193k: loss=0.7696280, acc=63.12%
t=1194k: loss=0.7695841, acc=63.15%
t=1195k: loss=0.7696129, acc=63.09%
t=1196k: loss=0.7696411, acc=63.28%
t=1197k: loss=0.7697780, acc=63.23%
t=1198k: loss=0.7698509, acc=63.40%
t=1199k: loss=0.7701265, acc=63.42%
t=1200k: loss=0.7699399, acc=63.62%
t=1201k: loss=0.7701477, acc=63.32%
t=1202k: loss=0.7700486, acc=63.44%
t=1203k: loss=0.7699819, acc=63.57%
t=1204k: loss=0.7702111, acc=63.65%
t=1205k: loss=0.7702125, acc=63.57%
t=1206k: loss=0.7699800, acc=63.54%
t=1207k: loss=0.7698695, acc=63.45%
t=1208k: loss=0.7695716, acc=63.71%
t=1209k: loss=0.7694301, acc=63.78%
t=1210k: loss=0.7694622, acc=63.82%
t=1211k: loss=0.7693980, acc=63.72%
t=1212k: loss=0.7693053, acc=63.67%
t=1213k: loss=0.7692241, acc=63.50%
t=1214k: loss=0.7692771, acc=63.38%
t=1215k: loss=0.7690470, acc=63.46%
t=1216k: loss=0.7691126, acc=63.37%
t=1217k: loss=0.7691010, acc=63.25%
t=1218k: loss=0.7690268, acc=63.41%
t=1219k: loss=0.7690712, acc=63.49%
t=1220k: loss=0.7689670, acc=63.49%
t=1221k: loss=0.7688254, acc=63.40%
t=1222k: loss=0.7689346, acc=63.46%
t=1223k: loss=0.7690702, acc=63.19%
t=1224k: loss=0.7686683, acc=63.36%
t=1225k: loss=0.7688014, acc=63.20%
t=1226k: loss=0.7687360, acc=63.23%
t=1227k: loss=0.7688584, acc=63.16%
t=1228k: loss=0.7690257, acc=63.07%
t=1229k: loss=0.7689061, acc=63.20%
t=1230k: loss=0.7690505, acc=63.40%
t=1231k: loss=0.7691533, acc=63.33%
t=1232k: loss=0.7691616, acc=63.36%
t=1233k: loss=0.7691156, acc=63.49%
t=1234k: loss=0.7693862, acc=63.76%
t=1235k: loss=0.7693927, acc=63.72%
t=1236k: loss=0.7694062, acc=63.86%
t=1237k: loss=0.7693297, acc=63.79%
t=1238k: loss=0.7692943, acc=63.76%
t=1239k: loss=0.7694545, acc=63.79%
t=1240k: loss=0.7693280, acc=63.87%
t=1241k: loss=0.7694043, acc=63.88%
t=1242k: loss=0.7694112, acc=63.79%
t=1243k: loss=0.7693629, acc=63.78%
t=1244k: loss=0.7693416, acc=63.79%
t=1245k: loss=0.7694147, acc=63.88%
t=1246k: loss=0.7694821, acc=63.78%
t=1247k: loss=0.7695810, acc=63.74%
t=1248k: loss=0.7695436, acc=63.59%
t=1249k: loss=0.7694919, acc=63.58%
t=1250k: loss=0.7695198, acc=63.75%
t=1251k: loss=0.7694969, acc=63.63%
t=1252k: loss=0.7694154, acc=63.74%
t=1253k: loss=0.7694981, acc=63.82%
t=1254k: loss=0.7695004, acc=63.66%
t=1255k: loss=0.7695017, acc=63.80%
t=1256k: loss=0.7695268, acc=63.66%
t=1257k: loss=0.7694981, acc=63.70%
t=1258k: loss=0.7696653, acc=63.74%
t=1259k: loss=0.7697292, acc=63.54%
t=1260k: loss=0.7697017, acc=63.51%
t=1261k: loss=0.7696652, acc=63.42%
t=1262k: loss=0.7698725, acc=63.42%
t=1263k: loss=0.7697520, acc=63.57%
t=1264k: loss=0.7698807, acc=63.71%
t=1265k: loss=0.7697450, acc=63.87%
t=1266k: loss=0.7697218, acc=63.75%
t=1267k: loss=0.7695632, acc=63.65%
t=1268k: loss=0.7695255, acc=63.50%
t=1269k: loss=0.7693910, acc=63.53%
t=1270k: loss=0.7695815, acc=63.42%
t=1271k: loss=0.7696391, acc=63.41%
t=1272k: loss=0.7694428, acc=63.27%
t=1273k: loss=0.7694909, acc=63.32%
t=1274k: loss=0.7692631, acc=63.23%
t=1275k: loss=0.7694958, acc=63.29%
t=1276k: loss=0.7694106, acc=63.28%
t=1277k: loss=0.7693889, acc=63.29%
t=1278k: loss=0.7693297, acc=63.12%
t=1279k: loss=0.7694954, acc=63.24%
t=1280k: loss=0.7693013, acc=62.92%
t=1281k: loss=0.7692956, acc=62.94%
t=1282k: loss=0.7692361, acc=62.86%
t=1283k: loss=0.7692441, acc=62.94%
t=1284k: loss=0.7692727, acc=62.69%
t=1285k: loss=0.7692940, acc=62.71%
t=1286k: loss=0.7693879, acc=62.78%
t=1287k: loss=0.7694509, acc=62.79%
t=1288k: loss=0.7693882, acc=62.90%
t=1289k: loss=0.7693372, acc=63.05%
t=1290k: loss=0.7693877, acc=62.92%
t=1291k: loss=0.7693708, acc=62.83%
t=1292k: loss=0.7694300, acc=62.82%
t=1293k: loss=0.7695531, acc=62.81%
t=1294k: loss=0.7694962, acc=62.67%
t=1295k: loss=0.7694559, acc=62.88%
t=1296k: loss=0.7694246, acc=62.79%
t=1297k: loss=0.7694345, acc=62.88%
t=1298k: loss=0.7696625, acc=62.88%
t=1299k: loss=0.7694405, acc=62.92%
t=1300k: loss=0.7693669, acc=63.08%
t=1301k: loss=0.7693362, acc=63.30%
t=1302k: loss=0.7693779, acc=63.41%
t=1303k: loss=0.7691522, acc=63.36%
t=1304k: loss=0.7692011, acc=63.59%
t=1305k: loss=0.7691778, acc=63.51%
t=1306k: loss=0.7691191, acc=63.45%
t=1307k: loss=0.7691719, acc=63.58%
t=1308k: loss=0.7689796, acc=63.34%
t=1309k: loss=0.7689432, acc=63.29%
t=1310k: loss=0.7690841, acc=63.36%
t=1311k: loss=0.7688900, acc=63.25%
t=1312k: loss=0.7687582, acc=63.16%
t=1313k: loss=0.7687487, acc=63.00%
t=1314k: loss=0.7686823, acc=63.24%
t=1315k: loss=0.7686152, acc=63.21%
t=1316k: loss=0.7687377, acc=63.24%
t=1317k: loss=0.7686902, acc=63.30%
t=1318k: loss=0.7686027, acc=63.13%
t=1319k: loss=0.7689421, acc=63.17%
t=1320k: loss=0.7689929, acc=63.02%
t=1321k: loss=0.7691297, acc=62.90%
t=1322k: loss=0.7691323, acc=63.02%
t=1323k: loss=0.7692349, acc=63.02%
t=1324k: loss=0.7692836, acc=62.99%
t=1325k: loss=0.7691829, acc=62.96%
t=1326k: loss=0.7691306, acc=62.87%
t=1327k: loss=0.7691819, acc=63.19%
t=1328k: loss=0.7692823, acc=63.17%
t=1329k: loss=0.7691471, acc=63.09%
t=1330k: loss=0.7691260, acc=62.95%
t=1331k: loss=0.7690614, acc=62.95%
t=1332k: loss=0.7692049, acc=63.15%
t=1333k: loss=0.7691642, acc=63.00%
t=1334k: loss=0.7692817, acc=63.03%
t=1335k: loss=0.7693251, acc=63.03%
t=1336k: loss=0.7692752, acc=63.24%
t=1337k: loss=0.7693271, acc=63.09%
t=1338k: loss=0.7692383, acc=63.30%
t=1339k: loss=0.7691709, acc=63.28%
t=1340k: loss=0.7692737, acc=63.51%
t=1341k: loss=0.7693518, acc=63.41%
t=1342k: loss=0.7693616, acc=63.41%
t=1343k: loss=0.7692997, acc=63.36%
t=1344k: loss=0.7692695, acc=63.27%
t=1345k: loss=0.7691816, acc=63.15%
t=1346k: loss=0.7691199, acc=63.24%
t=1347k: loss=0.7692125, acc=63.24%
t=1348k: loss=0.7693255, acc=63.37%
t=1349k: loss=0.7694234, acc=63.49%
t=1350k: loss=0.7692421, acc=63.44%
t=1351k: loss=0.7694523, acc=63.33%
t=1352k: loss=0.7694079, acc=63.40%
t=1353k: loss=0.7694813, acc=63.53%
t=1354k: loss=0.7694644, acc=63.53%
t=1355k: loss=0.7695612, acc=63.46%
t=1356k: loss=0.7694959, acc=63.65%
t=1357k: loss=0.7694735, acc=63.67%
t=1358k: loss=0.7694232, acc=63.62%
t=1359k: loss=0.7694342, acc=63.41%
t=1360k: loss=0.7694929, acc=63.30%
t=1361k: loss=0.7694714, acc=63.41%
t=1362k: loss=0.7694401, acc=63.37%
t=1363k: loss=0.7694754, acc=63.23%
t=1364k: loss=0.7694787, acc=63.15%
t=1365k: loss=0.7694850, acc=63.20%
t=1366k: loss=0.7695312, acc=63.20%
t=1367k: loss=0.7694627, acc=63.30%
t=1368k: loss=0.7694092, acc=63.29%
t=1369k: loss=0.7692139, acc=63.27%
t=1370k: loss=0.7690633, acc=63.11%
t=1371k: loss=0.7689343, acc=63.25%
t=1372k: loss=0.7690085, acc=63.42%
t=1373k: loss=0.7689399, acc=63.45%
t=1374k: loss=0.7689055, acc=63.59%
t=1375k: loss=0.7690849, acc=63.50%
t=1376k: loss=0.7690545, acc=63.54%
t=1377k: loss=0.7689704, acc=63.44%
t=1378k: loss=0.7689483, acc=63.28%
t=1379k: loss=0.7691345, acc=63.15%
t=1380k: loss=0.7693015, acc=63.04%
t=1381k: loss=0.7693236, acc=63.25%
t=1382k: loss=0.7692112, acc=63.25%
t=1383k: loss=0.7693061, acc=63.20%
t=1384k: loss=0.7692679, acc=63.24%
t=1385k: loss=0.7691119, acc=63.29%
t=1386k: loss=0.7692525, acc=63.28%
t=1387k: loss=0.7693166, acc=63.24%
t=1388k: loss=0.7692647, acc=63.21%
t=1389k: loss=0.7690565, acc=63.09%
t=1390k: loss=0.7689557, acc=63.28%
t=1391k: loss=0.7686616, acc=63.23%
t=1392k: loss=0.7686857, acc=63.20%
t=1393k: loss=0.7686323, acc=63.29%
t=1394k: loss=0.7687259, acc=63.33%
t=1395k: loss=0.7686840, acc=63.34%
t=1396k: loss=0.7686180, acc=63.36%
t=1397k: loss=0.7683225, acc=63.32%
t=1398k: loss=0.7684566, acc=63.42%
t=1399k: loss=0.7685761, acc=63.37%
t=1400k: loss=0.7685651, acc=63.44%
t=1401k: loss=0.7687168, acc=63.45%
t=1402k: loss=0.7686428, acc=63.54%
t=1403k: loss=0.7687217, acc=63.71%
t=1404k: loss=0.7687648, acc=63.69%
t=1405k: loss=0.7687884, acc=63.67%
t=1406k: loss=0.7688967, acc=63.46%
t=1407k: loss=0.7692509, acc=63.36%
t=1408k: loss=0.7692213, acc=63.59%
t=1409k: loss=0.7693069, acc=63.59%
t=1410k: loss=0.7692540, acc=63.38%
t=1411k: loss=0.7691875, acc=63.46%
t=1412k: loss=0.7692564, acc=63.44%
t=1413k: loss=0.7693493, acc=63.33%
t=1414k: loss=0.7692257, acc=63.36%
t=1415k: loss=0.7692419, acc=63.42%
t=1416k: loss=0.7690379, acc=63.50%
t=1417k: loss=0.7690807, acc=63.44%
t=1418k: loss=0.7690874, acc=63.28%
t=1419k: loss=0.7689545, acc=63.33%
t=1420k: loss=0.7689709, acc=63.27%
t=1421k: loss=0.7689541, acc=63.20%
t=1422k: loss=0.7690160, acc=63.37%
t=1423k: loss=0.7689406, acc=63.32%
t=1424k: loss=0.7690051, acc=63.48%
t=1425k: loss=0.7690061, acc=63.20%
t=1426k: loss=0.7691906, acc=63.24%
t=1427k: loss=0.7690526, acc=63.05%
t=1428k: loss=0.7690455, acc=63.38%
t=1429k: loss=0.7689096, acc=63.25%
t=1430k: loss=0.7688634, acc=63.34%
t=1431k: loss=0.7689408, acc=63.40%
t=1432k: loss=0.7689154, acc=63.50%
t=1433k: loss=0.7688028, acc=63.33%
t=1434k: loss=0.7687423, acc=63.38%
t=1435k: loss=0.7687482, acc=63.20%
t=1436k: loss=0.7687306, acc=63.23%
t=1437k: loss=0.7686872, acc=63.12%
t=1438k: loss=0.7687763, acc=63.16%
t=1439k: loss=0.7689133, acc=63.23%
t=1440k: loss=0.7690636, acc=63.30%
t=1441k: loss=0.7692041, acc=63.21%
t=1442k: loss=0.7692372, acc=63.13%
t=1443k: loss=0.7692431, acc=62.99%
t=1444k: loss=0.7693468, acc=63.07%
t=1445k: loss=0.7692876, acc=63.00%
t=1446k: loss=0.7691655, acc=63.16%
t=1447k: loss=0.7691426, acc=63.38%
t=1448k: loss=0.7691006, acc=63.32%
t=1449k: loss=0.7692222, acc=63.27%
t=1450k: loss=0.7692838, acc=63.12%
t=1451k: loss=0.7692341, acc=63.28%
t=1452k: loss=0.7691012, acc=63.20%
t=1453k: loss=0.7690299, acc=63.09%
t=1454k: loss=0.7688518, acc=63.11%
t=1455k: loss=0.7689047, acc=63.03%
t=1456k: loss=0.7689373, acc=63.34%
t=1457k: loss=0.7689359, acc=63.25%
t=1458k: loss=0.7689492, acc=63.61%
t=1459k: loss=0.7688602, acc=63.46%
t=1460k: loss=0.7687693, acc=63.62%
t=1461k: loss=0.7685983, acc=63.41%
t=1462k: loss=0.7686779, acc=63.61%
t=1463k: loss=0.7688139, acc=63.37%
t=1464k: loss=0.7689263, acc=63.36%
t=1465k: loss=0.7688474, acc=63.51%
t=1466k: loss=0.7689610, acc=63.46%
t=1467k: loss=0.7689136, acc=63.27%
t=1468k: loss=0.7686687, acc=63.15%
t=1469k: loss=0.7687241, acc=62.71%
t=1470k: loss=0.7686789, acc=63.16%
t=1471k: loss=0.7688317, acc=63.15%
t=1472k: loss=0.7688571, acc=63.24%
t=1473k: loss=0.7687859, acc=62.96%
t=1474k: loss=0.7686901, acc=63.29%
t=1475k: loss=0.7687026, acc=63.53%
t=1476k: loss=0.7686287, acc=63.46%
t=1477k: loss=0.7687114, acc=63.46%
t=1478k: loss=0.7687260, acc=63.42%
t=1479k: loss=0.7686776, acc=63.32%
t=1480k: loss=0.7686626, acc=63.54%
t=1481k: loss=0.7685625, acc=63.42%
t=1482k: loss=0.7684528, acc=63.41%
t=1483k: loss=0.7684194, acc=63.41%
t=1484k: loss=0.7684197, acc=63.53%
t=1485k: loss=0.7685717, acc=63.49%
t=1486k: loss=0.7685823, acc=63.57%
t=1487k: loss=0.7686620, acc=63.51%
t=1488k: loss=0.7687423, acc=63.48%
t=1489k: loss=0.7685689, acc=63.59%
t=1490k: loss=0.7685665, acc=63.55%
t=1491k: loss=0.7687713, acc=63.55%
t=1492k: loss=0.7689474, acc=63.65%
t=1493k: loss=0.7689751, acc=63.70%
t=1494k: loss=0.7691983, acc=63.80%
t=1495k: loss=0.7691756, acc=63.71%
t=1496k: loss=0.7692537, acc=63.75%
t=1497k: loss=0.7691329, acc=63.78%
t=1498k: loss=0.7693285, acc=63.66%
t=1499k: loss=0.7697121, acc=63.72%
t=1500k: loss=0.7698164, acc=63.86%
t=1501k: loss=0.7697729, acc=63.66%
t=1502k: loss=0.7696120, acc=63.74%
t=1503k: loss=0.7696773, acc=63.92%
t=1504k: loss=0.7695027, acc=63.69%
t=1505k: loss=0.7693884, acc=63.79%
t=1506k: loss=0.7692965, acc=64.03%
t=1507k: loss=0.7693834, acc=63.76%
t=1508k: loss=0.7693187, acc=63.96%
t=1509k: loss=0.7690686, acc=63.97%
t=1510k: loss=0.7691084, acc=63.97%
t=1511k: loss=0.7690271, acc=63.80%
t=1512k: loss=0.7690772, acc=63.83%
t=1513k: loss=0.7689802, acc=63.66%
t=1514k: loss=0.7688859, acc=63.66%
t=1515k: loss=0.7690446, acc=63.49%
t=1516k: loss=0.7690564, acc=63.51%
t=1517k: loss=0.7689862, acc=63.67%
t=1518k: loss=0.7688751, acc=63.88%
t=1519k: loss=0.7689579, acc=63.83%
t=1520k: loss=0.7688345, acc=63.88%
t=1521k: loss=0.7687266, acc=63.80%
t=1522k: loss=0.7687502, acc=63.75%
t=1523k: loss=0.7687419, acc=63.78%
t=1524k: loss=0.7687529, acc=63.67%
t=1525k: loss=0.7686202, acc=63.76%
t=1526k: loss=0.7686508, acc=63.71%
t=1527k: loss=0.7687726, acc=63.71%
t=1528k: loss=0.7689289, acc=63.96%
t=1529k: loss=0.7687708, acc=63.93%
t=1530k: loss=0.7688340, acc=63.86%
t=1531k: loss=0.7690266, acc=63.88%
t=1532k: loss=0.7689262, acc=63.84%
t=1533k: loss=0.7689881, acc=63.74%
t=1534k: loss=0.7692423, acc=63.92%
t=1535k: loss=0.7693469, acc=63.69%
t=1536k: loss=0.7694042, acc=63.50%
t=1537k: loss=0.7692941, acc=63.75%
t=1538k: loss=0.7691857, acc=63.95%
t=1539k: loss=0.7693180, acc=63.83%
t=1540k: loss=0.7692690, acc=63.69%
t=1541k: loss=0.7690712, acc=63.67%
t=1542k: loss=0.7691654, acc=63.61%
t=1543k: loss=0.7691251, acc=63.76%
t=1544k: loss=0.7690717, acc=63.79%
t=1545k: loss=0.7689361, acc=64.03%
t=1546k: loss=0.7688419, acc=64.00%
t=1547k: loss=0.7689748, acc=63.99%
t=1548k: loss=0.7689595, acc=63.93%
t=1549k: loss=0.7689259, acc=63.87%
t=1550k: loss=0.7689386, acc=63.90%
t=1551k: loss=0.7689324, acc=64.04%
t=1552k: loss=0.7690332, acc=64.05%
t=1553k: loss=0.7691482, acc=63.87%
t=1554k: loss=0.7691356, acc=63.87%
t=1555k: loss=0.7693076, acc=63.86%
t=1556k: loss=0.7693509, acc=63.84%
t=1557k: loss=0.7691124, acc=63.93%
t=1558k: loss=0.7692144, acc=63.90%
t=1559k: loss=0.7693335, acc=63.84%
t=1560k: loss=0.7693763, acc=63.88%
t=1561k: loss=0.7695344, acc=63.67%
t=1562k: loss=0.7695244, acc=63.79%
t=1563k: loss=0.7694374, acc=63.91%
t=1564k: loss=0.7693990, acc=64.08%
t=1565k: loss=0.7692509, acc=63.93%
t=1566k: loss=0.7694601, acc=63.86%
t=1567k: loss=0.7695519, acc=63.88%
t=1568k: loss=0.7695905, acc=64.20%
t=1569k: loss=0.7696694, acc=64.00%
t=1570k: loss=0.7696511, acc=64.07%
t=1571k: loss=0.7695028, acc=63.72%
t=1572k: loss=0.7694200, acc=63.86%
t=1573k: loss=0.7694178, acc=63.71%
t=1574k: loss=0.7692478, acc=63.75%
t=1575k: loss=0.7691324, acc=63.70%
t=1576k: loss=0.7689139, acc=63.55%
t=1577k: loss=0.7689497, acc=63.63%
t=1578k: loss=0.7689536, acc=63.45%
t=1579k: loss=0.7689433, acc=63.48%
t=1580k: loss=0.7687487, acc=63.70%
t=1581k: loss=0.7688155, acc=63.67%
t=1582k: loss=0.7687700, acc=63.63%
t=1583k: loss=0.7689302, acc=63.74%
t=1584k: loss=0.7691134, acc=63.74%
t=1585k: loss=0.7693101, acc=63.74%
t=1586k: loss=0.7690912, acc=63.75%
t=1587k: loss=0.7690763, acc=63.82%
t=1588k: loss=0.7688520, acc=63.88%
t=1589k: loss=0.7688101, acc=63.66%
t=1590k: loss=0.7690797, acc=63.72%
t=1591k: loss=0.7692041, acc=63.66%
t=1592k: loss=0.7693749, acc=63.46%
t=1593k: loss=0.7692409, acc=63.45%
t=1594k: loss=0.7691452, acc=63.49%
t=1595k: loss=0.7690957, acc=63.63%
t=1596k: loss=0.7693703, acc=63.65%
t=1597k: loss=0.7692891, acc=63.62%
t=1598k: loss=0.7694154, acc=63.78%
t=1599k: loss=0.7692230, acc=63.84%
t=1600k: loss=0.7691212, acc=63.63%
t=1601k: loss=0.7690674, acc=63.58%
t=1602k: loss=0.7690273, acc=63.71%
t=1603k: loss=0.7689876, acc=63.71%
t=1604k: loss=0.7689783, acc=63.92%
t=1605k: loss=0.7689885, acc=63.83%
t=1606k: loss=0.7688491, acc=63.71%
t=1607k: loss=0.7688390, acc=63.88%
t=1608k: loss=0.7688336, acc=64.09%
t=1609k: loss=0.7688308, acc=64.03%
t=1610k: loss=0.7687319, acc=63.79%
t=1611k: loss=0.7686544, acc=63.92%
t=1612k: loss=0.7684521, acc=63.79%
t=1613k: loss=0.7682753, acc=64.00%
t=1614k: loss=0.7683730, acc=63.78%
t=1615k: loss=0.7683735, acc=63.72%
t=1616k: loss=0.7684512, acc=63.80%
t=1617k: loss=0.7686499, acc=63.88%
t=1618k: loss=0.7687334, acc=63.71%
t=1619k: loss=0.7687731, acc=63.70%
t=1620k: loss=0.7688105, acc=63.79%
t=1621k: loss=0.7688945, acc=63.72%
t=1622k: loss=0.7691115, acc=63.79%
t=1623k: loss=0.7692008, acc=63.57%
t=1624k: loss=0.7692248, acc=63.58%
t=1625k: loss=0.7692085, acc=63.75%
t=1626k: loss=0.7690899, acc=63.67%
t=1627k: loss=0.7688244, acc=63.83%
t=1628k: loss=0.7686699, acc=63.74%
t=1629k: loss=0.7688045, acc=63.75%
t=1630k: loss=0.7689390, acc=63.74%
t=1631k: loss=0.7688736, acc=63.72%
t=1632k: loss=0.7688862, acc=63.62%
t=1633k: loss=0.7690235, acc=63.62%
t=1634k: loss=0.7689135, acc=63.70%
t=1635k: loss=0.7688542, acc=63.62%
t=1636k: loss=0.7689326, acc=63.65%
t=1637k: loss=0.7691884, acc=63.58%
t=1638k: loss=0.7692722, acc=63.66%
t=1639k: loss=0.7692092, acc=63.78%
t=1640k: loss=0.7691687, acc=63.66%
t=1641k: loss=0.7693056, acc=63.70%
t=1642k: loss=0.7690566, acc=63.79%
t=1643k: loss=0.7690842, acc=63.82%
t=1644k: loss=0.7690593, acc=63.75%
t=1645k: loss=0.7690588, acc=63.91%
t=1646k: loss=0.7691036, acc=63.95%
t=1647k: loss=0.7689580, acc=64.08%
t=1648k: loss=0.7689037, acc=63.96%
t=1649k: loss=0.7687623, acc=64.03%
t=1650k: loss=0.7687580, acc=63.92%
t=1651k: loss=0.7687243, acc=63.87%
t=1652k: loss=0.7689651, acc=63.86%
t=1653k: loss=0.7689599, acc=64.00%
t=1654k: loss=0.7689723, acc=64.01%
t=1655k: loss=0.7689013, acc=64.13%
t=1656k: loss=0.7689033, acc=63.86%
t=1657k: loss=0.7689682, acc=63.91%
t=1658k: loss=0.7691218, acc=63.99%
t=1659k: loss=0.7692120, acc=63.86%
t=1660k: loss=0.7689958, acc=63.79%
t=1661k: loss=0.7687657, acc=63.93%
t=1662k: loss=0.7686911, acc=63.93%
t=1663k: loss=0.7686570, acc=63.86%
t=1664k: loss=0.7687364, acc=64.01%
t=1665k: loss=0.7688457, acc=64.18%
t=1666k: loss=0.7689639, acc=64.18%
t=1667k: loss=0.7689299, acc=64.17%
t=1668k: loss=0.7687220, acc=64.21%
t=1669k: loss=0.7686788, acc=64.13%
t=1670k: loss=0.7689015, acc=64.05%
t=1671k: loss=0.7690118, acc=63.99%
t=1672k: loss=0.7690266, acc=64.04%
t=1673k: loss=0.7690272, acc=64.08%
t=1674k: loss=0.7688785, acc=64.09%
t=1675k: loss=0.7688491, acc=64.20%
t=1676k: loss=0.7686601, acc=64.21%
t=1677k: loss=0.7685593, acc=64.37%
t=1678k: loss=0.7685002, acc=64.28%
t=1679k: loss=0.7685348, acc=64.32%
t=1680k: loss=0.7686504, acc=64.50%
t=1681k: loss=0.7686307, acc=64.30%
t=1682k: loss=0.7684339, acc=64.62%
t=1683k: loss=0.7683385, acc=64.33%
t=1684k: loss=0.7683749, acc=64.12%
t=1685k: loss=0.7684259, acc=64.17%
t=1686k: loss=0.7683183, acc=64.08%
t=1687k: loss=0.7685055, acc=64.22%
t=1688k: loss=0.7685988, acc=64.16%
t=1689k: loss=0.7686240, acc=64.39%
t=1690k: loss=0.7686255, acc=64.33%
t=1691k: loss=0.7686362, acc=64.20%
t=1692k: loss=0.7688715, acc=64.30%
t=1693k: loss=0.7689724, acc=64.13%
t=1694k: loss=0.7689286, acc=64.20%
t=1695k: loss=0.7688712, acc=64.24%
t=1696k: loss=0.7688291, acc=64.30%
t=1697k: loss=0.7686307, acc=64.12%
t=1698k: loss=0.7686680, acc=64.22%
t=1699k: loss=0.7686625, acc=64.22%
t=1700k: loss=0.7684775, acc=64.13%
t=1701k: loss=0.7684168, acc=64.13%
t=1702k: loss=0.7683848, acc=64.25%
t=1703k: loss=0.7683083, acc=64.05%
t=1704k: loss=0.7683899, acc=63.95%
t=1705k: loss=0.7683735, acc=63.96%
t=1706k: loss=0.7686734, acc=63.95%
t=1707k: loss=0.7688090, acc=63.74%
t=1708k: loss=0.7687063, acc=63.86%
t=1709k: loss=0.7686915, acc=63.76%
t=1710k: loss=0.7687293, acc=63.75%
t=1711k: loss=0.7689473, acc=63.80%
t=1712k: loss=0.7687817, acc=64.03%
t=1713k: loss=0.7689397, acc=64.04%
t=1714k: loss=0.7688378, acc=64.05%
t=1715k: loss=0.7687034, acc=64.21%
t=1716k: loss=0.7686411, acc=64.01%
t=1717k: loss=0.7685248, acc=64.00%
t=1718k: loss=0.7686331, acc=64.13%
t=1719k: loss=0.7686466, acc=64.07%
t=1720k: loss=0.7687081, acc=64.09%
t=1721k: loss=0.7685514, acc=64.13%
t=1722k: loss=0.7685730, acc=64.05%
t=1723k: loss=0.7684700, acc=64.14%
t=1724k: loss=0.7685992, acc=64.08%
t=1725k: loss=0.7687981, acc=63.97%
t=1726k: loss=0.7688120, acc=64.12%
t=1727k: loss=0.7689138, acc=63.91%
t=1728k: loss=0.7687834, acc=63.86%
t=1729k: loss=0.7687333, acc=64.05%
t=1730k: loss=0.7685734, acc=64.07%
t=1731k: loss=0.7687292, acc=64.22%
t=1732k: loss=0.7687891, acc=64.32%
t=1733k: loss=0.7689768, acc=64.43%
t=1734k: loss=0.7690077, acc=64.43%
t=1735k: loss=0.7689776, acc=64.14%
t=1736k: loss=0.7688618, acc=64.03%
t=1737k: loss=0.7689083, acc=64.18%
t=1738k: loss=0.7690763, acc=64.12%
t=1739k: loss=0.7691659, acc=63.92%
t=1740k: loss=0.7693403, acc=64.01%
t=1741k: loss=0.7691950, acc=64.22%
t=1742k: loss=0.7691725, acc=64.22%
t=1743k: loss=0.7690276, acc=64.33%
t=1744k: loss=0.7689663, acc=64.38%
t=1745k: loss=0.7689590, acc=63.93%
t=1746k: loss=0.7689783, acc=64.03%
t=1747k: loss=0.7687558, acc=64.09%
t=1748k: loss=0.7687270, acc=64.01%
t=1749k: loss=0.7686355, acc=64.00%
t=1750k: loss=0.7685114, acc=63.87%
t=1751k: loss=0.7684306, acc=63.79%
t=1752k: loss=0.7685931, acc=63.69%
t=1753k: loss=0.7685056, acc=63.83%
t=1754k: loss=0.7684866, acc=63.90%
t=1755k: loss=0.7686118, acc=64.00%
t=1756k: loss=0.7685257, acc=63.88%
t=1757k: loss=0.7685412, acc=63.93%
t=1758k: loss=0.7685825, acc=63.99%
t=1759k: loss=0.7686523, acc=64.17%
t=1760k: loss=0.7687007, acc=64.08%
t=1761k: loss=0.7687816, acc=64.03%
t=1762k: loss=0.7686422, acc=64.16%
t=1763k: loss=0.7685800, acc=64.12%
t=1764k: loss=0.7686760, acc=64.08%
t=1765k: loss=0.7685844, acc=63.99%
t=1766k: loss=0.7687484, acc=64.17%
t=1767k: loss=0.7690046, acc=64.09%
t=1768k: loss=0.7688194, acc=64.01%
t=1769k: loss=0.7687413, acc=63.91%
t=1770k: loss=0.7686544, acc=64.01%
t=1771k: loss=0.7686188, acc=63.97%
t=1772k: loss=0.7686378, acc=64.08%
t=1773k: loss=0.7688103, acc=64.16%
t=1774k: loss=0.7687118, acc=64.18%
t=1775k: loss=0.7686502, acc=64.25%
t=1776k: loss=0.7685625, acc=64.30%
t=1777k: loss=0.7685040, acc=64.42%
t=1778k: loss=0.7687253, acc=64.21%
t=1779k: loss=0.7688722, acc=64.26%
t=1780k: loss=0.7689330, acc=64.28%
t=1781k: loss=0.7689427, acc=64.54%
t=1782k: loss=0.7689298, acc=64.36%
t=1783k: loss=0.7689444, acc=64.29%
t=1784k: loss=0.7691336, acc=64.21%
t=1785k: loss=0.7692668, acc=64.24%
t=1786k: loss=0.7694956, acc=64.29%
t=1787k: loss=0.7695492, acc=64.42%
t=1788k: loss=0.7694337, acc=64.39%
t=1789k: loss=0.7692366, acc=64.43%
t=1790k: loss=0.7691883, acc=64.43%
t=1791k: loss=0.7692001, acc=64.22%
t=1792k: loss=0.7692060, acc=64.38%
t=1793k: loss=0.7692377, acc=64.58%
t=1794k: loss=0.7691754, acc=64.42%
t=1795k: loss=0.7690516, acc=64.51%
t=1796k: loss=0.7688557, acc=64.46%
t=1797k: loss=0.7687178, acc=64.46%
t=1798k: loss=0.7686804, acc=64.36%
t=1799k: loss=0.7687903, acc=64.33%
t=1800k: loss=0.7688438, acc=64.50%
t=1801k: loss=0.7687461, acc=64.38%
t=1802k: loss=0.7686812, acc=64.33%
t=1803k: loss=0.7685835, acc=64.50%
t=1804k: loss=0.7683629, acc=64.34%
t=1805k: loss=0.7683761, acc=64.46%
t=1806k: loss=0.7683884, acc=64.49%
t=1807k: loss=0.7685661, acc=64.58%
t=1808k: loss=0.7685349, acc=64.67%
t=1809k: loss=0.7685286, acc=64.79%
t=1810k: loss=0.7684346, acc=64.75%
t=1811k: loss=0.7685551, acc=64.96%
t=1812k: loss=0.7685988, acc=64.84%
t=1813k: loss=0.7686927, acc=64.76%
t=1814k: loss=0.7687176, acc=64.72%
t=1815k: loss=0.7687160, acc=64.88%
t=1816k: loss=0.7687881, acc=64.81%
t=1817k: loss=0.7687957, acc=64.87%
t=1818k: loss=0.7688860, acc=64.89%
t=1819k: loss=0.7687935, acc=64.85%
t=1820k: loss=0.7689825, acc=64.83%
t=1821k: loss=0.7689908, acc=64.81%
t=1822k: loss=0.7690947, acc=64.87%
t=1823k: loss=0.7688916, acc=64.80%
t=1824k: loss=0.7689370, acc=65.06%
t=1825k: loss=0.7690307, acc=65.14%
t=1826k: loss=0.7688820, acc=65.13%
t=1827k: loss=0.7686556, acc=64.92%
t=1828k: loss=0.7687115, acc=64.83%
t=1829k: loss=0.7689046, acc=64.76%
t=1830k: loss=0.7688490, acc=64.78%
t=1831k: loss=0.7688051, acc=64.60%
t=1832k: loss=0.7686690, acc=64.58%
t=1833k: loss=0.7687698, acc=64.51%
t=1834k: loss=0.7687628, acc=64.54%
t=1835k: loss=0.7686387, acc=64.51%
t=1836k: loss=0.7687126, acc=64.53%
t=1837k: loss=0.7688016, acc=64.51%
t=1838k: loss=0.7689094, acc=64.49%
t=1839k: loss=0.7687815, acc=64.57%
t=1840k: loss=0.7687625, acc=64.50%
t=1841k: loss=0.7690172, acc=64.54%
t=1842k: loss=0.7690069, acc=64.51%
t=1843k: loss=0.7690896, acc=64.59%
t=1844k: loss=0.7692314, acc=64.70%
t=1845k: loss=0.7692935, acc=64.87%
t=1846k: loss=0.7692784, acc=64.74%
t=1847k: loss=0.7693431, acc=64.78%
t=1848k: loss=0.7692505, acc=64.99%
t=1849k: loss=0.7692814, acc=64.81%
t=1850k: loss=0.7692880, acc=64.67%
t=1851k: loss=0.7690965, acc=64.79%
t=1852k: loss=0.7691339, acc=64.84%
t=1853k: loss=0.7690577, acc=64.66%
t=1854k: loss=0.7689800, acc=64.57%
t=1855k: loss=0.7688624, acc=64.80%
t=1856k: loss=0.7688559, acc=64.88%
t=1857k: loss=0.7687403, acc=64.59%
t=1858k: loss=0.7685693, acc=64.47%
t=1859k: loss=0.7684539, acc=64.84%
t=1860k: loss=0.7683301, acc=64.79%
t=1861k: loss=0.7682979, acc=64.75%
t=1862k: loss=0.7683932, acc=64.85%
t=1863k: loss=0.7684786, acc=64.67%
t=1864k: loss=0.7683886, acc=64.85%
t=1865k: loss=0.7685542, acc=64.97%
t=1866k: loss=0.7687172, acc=64.71%
t=1867k: loss=0.7687781, acc=64.75%
t=1868k: loss=0.7690549, acc=64.91%
t=1869k: loss=0.7691252, acc=64.64%
t=1870k: loss=0.7692223, acc=64.71%
t=1871k: loss=0.7692254, acc=64.83%
t=1872k: loss=0.7691398, acc=64.84%
t=1873k: loss=0.7690230, acc=64.93%
t=1874k: loss=0.7691640, acc=64.79%
t=1875k: loss=0.7690072, acc=64.84%
t=1876k: loss=0.7687831, acc=65.00%
t=1877k: loss=0.7685710, acc=65.02%
t=1878k: loss=0.7683273, acc=65.01%
t=1879k: loss=0.7684740, acc=65.01%
t=1880k: loss=0.7685419, acc=64.80%
t=1881k: loss=0.7683076, acc=64.80%
t=1882k: loss=0.7683147, acc=64.81%
t=1883k: loss=0.7682275, acc=64.53%
t=1884k: loss=0.7682030, acc=64.66%
t=1885k: loss=0.7683918, acc=64.76%
t=1886k: loss=0.7684380, acc=64.74%
t=1887k: loss=0.7685981, acc=64.78%
t=1888k: loss=0.7687494, acc=64.88%
t=1889k: loss=0.7686459, acc=64.68%
t=1890k: loss=0.7685935, acc=64.38%
t=1891k: loss=0.7689474, acc=64.53%
t=1892k: loss=0.7689035, acc=64.47%
t=1893k: loss=0.7691454, acc=64.29%
t=1894k: loss=0.7691430, acc=64.50%
t=1895k: loss=0.7691669, acc=64.51%
t=1896k: loss=0.7692320, acc=64.18%
t=1897k: loss=0.7692373, acc=64.14%
t=1898k: loss=0.7690620, acc=64.28%
t=1899k: loss=0.7688970, acc=64.22%
t=1900k: loss=0.7689400, acc=64.18%
t=1901k: loss=0.7687441, acc=64.29%
t=1902k: loss=0.7687923, acc=64.21%
t=1903k: loss=0.7688259, acc=64.30%
t=1904k: loss=0.7689907, acc=64.29%
t=1905k: loss=0.7687578, acc=64.41%
t=1906k: loss=0.7686855, acc=64.51%
t=1907k: loss=0.7687126, acc=64.51%
t=1908k: loss=0.7690168, acc=64.55%
t=1909k: loss=0.7692452, acc=64.79%
t=1910k: loss=0.7691158, acc=64.59%
t=1911k: loss=0.7692474, acc=64.62%
t=1912k: loss=0.7693990, acc=64.58%
t=1913k: loss=0.7691352, acc=64.67%
t=1914k: loss=0.7690650, acc=64.57%
t=1915k: loss=0.7692123, acc=64.54%
t=1916k: loss=0.7692176, acc=64.43%
t=1917k: loss=0.7692702, acc=64.42%
t=1918k: loss=0.7690801, acc=64.62%
t=1919k: loss=0.7688945, acc=64.38%
t=1920k: loss=0.7689347, acc=64.54%
t=1921k: loss=0.7687803, acc=64.54%
t=1922k: loss=0.7685687, acc=64.42%
t=1923k: loss=0.7685881, acc=64.41%
t=1924k: loss=0.7684239, acc=64.42%
t=1925k: loss=0.7685340, acc=64.41%
t=1926k: loss=0.7685040, acc=64.46%
t=1927k: loss=0.7683964, acc=64.30%
t=1928k: loss=0.7682961, acc=64.22%
t=1929k: loss=0.7684989, acc=64.30%
t=1930k: loss=0.7683430, acc=64.43%
t=1931k: loss=0.7684639, acc=64.30%
t=1932k: loss=0.7684998, acc=64.22%
t=1933k: loss=0.7684183, acc=64.24%
t=1934k: loss=0.7683886, acc=64.13%
t=1935k: loss=0.7681089, acc=64.26%
t=1936k: loss=0.7680906, acc=63.99%
t=1937k: loss=0.7682419, acc=64.28%
t=1938k: loss=0.7682740, acc=64.16%
t=1939k: loss=0.7681873, acc=64.11%
t=1940k: loss=0.7683156, acc=64.08%
t=1941k: loss=0.7683367, acc=63.88%
t=1942k: loss=0.7684432, acc=63.80%
t=1943k: loss=0.7685882, acc=63.97%
t=1944k: loss=0.7685823, acc=63.66%
t=1945k: loss=0.7687147, acc=63.67%
t=1946k: loss=0.7688593, acc=63.76%
t=1947k: loss=0.7687490, acc=63.76%
t=1948k: loss=0.7688382, acc=63.62%
t=1949k: loss=0.7688903, acc=63.88%
t=1950k: loss=0.7689579, acc=63.86%
t=1951k: loss=0.7690726, acc=63.79%
t=1952k: loss=0.7689268, acc=63.76%
t=1953k: loss=0.7688545, acc=63.99%
t=1954k: loss=0.7689696, acc=63.91%
t=1955k: loss=0.7690226, acc=63.92%
t=1956k: loss=0.7690908, acc=63.69%
t=1957k: loss=0.7690362, acc=63.67%
t=1958k: loss=0.7689197, acc=63.78%
t=1959k: loss=0.7688141, acc=63.80%
t=1960k: loss=0.7688646, acc=63.71%
t=1961k: loss=0.7688377, acc=63.78%
t=1962k: loss=0.7689443, acc=64.00%
t=1963k: loss=0.7690646, acc=63.87%
t=1964k: loss=0.7689947, acc=63.75%
t=1965k: loss=0.7689139, acc=63.74%
t=1966k: loss=0.7687854, acc=63.72%
t=1967k: loss=0.7688742, acc=63.69%
t=1968k: loss=0.7691538, acc=63.76%
t=1969k: loss=0.7692007, acc=63.84%
t=1970k: loss=0.7690913, acc=63.93%
t=1971k: loss=0.7690999, acc=63.87%
t=1972k: loss=0.7688672, acc=63.79%
t=1973k: loss=0.7687143, acc=64.11%
t=1974k: loss=0.7688671, acc=64.03%
t=1975k: loss=0.7689079, acc=64.00%
t=1976k: loss=0.7689292, acc=64.00%
t=1977k: loss=0.7687740, acc=63.95%
t=1978k: loss=0.7685021, acc=63.87%
t=1979k: loss=0.7685002, acc=63.91%
t=1980k: loss=0.7685555, acc=63.88%
t=1981k: loss=0.7684856, acc=63.71%
t=1982k: loss=0.7687258, acc=63.87%
t=1983k: loss=0.7689087, acc=64.07%
t=1984k: loss=0.7689728, acc=63.96%
t=1985k: loss=0.7688307, acc=63.84%
t=1986k: loss=0.7688334, acc=63.95%
t=1987k: loss=0.7689257, acc=64.05%
t=1988k: loss=0.7691406, acc=64.05%
t=1989k: loss=0.7691858, acc=63.88%
t=1990k: loss=0.7692380, acc=63.74%
t=1991k: loss=0.7690832, acc=63.82%
t=1992k: loss=0.7689457, acc=63.67%
t=1993k: loss=0.7689617, acc=63.72%
t=1994k: loss=0.7686286, acc=63.78%
t=1995k: loss=0.7686387, acc=63.71%
t=1996k: loss=0.7686885, acc=63.91%
t=1997k: loss=0.7687714, acc=64.09%
t=1998k: loss=0.7686303, acc=64.12%
t=1999k: loss=0.7686203, acc=63.99%
t=2000k: loss=0.7686177, acc=63.93%
t=2001k: loss=0.7685831, acc=64.13%
t=2002k: loss=0.7686110, acc=64.38%
t=2003k: loss=0.7685408, acc=64.39%
t=2004k: loss=0.7686746, acc=64.36%
t=2005k: loss=0.7685969, acc=64.29%
t=2006k: loss=0.7683926, acc=64.28%
t=2007k: loss=0.7682949, acc=64.29%
t=2008k: loss=0.7682211, acc=64.09%
t=2009k: loss=0.7680242, acc=64.12%
t=2010k: loss=0.7679694, acc=64.09%
t=2011k: loss=0.7682608, acc=64.01%
t=2012k: loss=0.7682877, acc=64.08%
t=2013k: loss=0.7683066, acc=64.05%
t=2014k: loss=0.7683792, acc=64.00%
t=2015k: loss=0.7687428, acc=63.91%
t=2016k: loss=0.7689114, acc=63.95%
t=2017k: loss=0.7689765, acc=63.86%
t=2018k: loss=0.7691362, acc=64.11%
t=2019k: loss=0.7694173, acc=64.17%
t=2020k: loss=0.7693762, acc=64.28%
t=2021k: loss=0.7692316, acc=64.30%
t=2022k: loss=0.7691833, acc=64.26%
t=2023k: loss=0.7690653, acc=64.29%
t=2024k: loss=0.7689764, acc=64.17%
t=2025k: loss=0.7686144, acc=64.11%
t=2026k: loss=0.7684727, acc=64.14%
t=2027k: loss=0.7684991, acc=64.26%
t=2028k: loss=0.7684320, acc=64.34%
t=2029k: loss=0.7682941, acc=64.33%
t=2030k: loss=0.7682048, acc=64.24%
t=2031k: loss=0.7681810, acc=64.17%
t=2032k: loss=0.7682442, acc=64.21%
t=2033k: loss=0.7681544, acc=64.30%
t=2034k: loss=0.7682689, acc=64.43%
t=2035k: loss=0.7684248, acc=64.28%
t=2036k: loss=0.7684343, acc=64.32%
t=2037k: loss=0.7683544, acc=64.24%
t=2038k: loss=0.7682697, acc=64.38%
t=2039k: loss=0.7683500, acc=64.28%
t=2040k: loss=0.7684307, acc=64.45%
t=2041k: loss=0.7684998, acc=64.36%
t=2042k: loss=0.7685549, acc=64.46%
t=2043k: loss=0.7688243, acc=64.46%
t=2044k: loss=0.7686559, acc=64.43%
t=2045k: loss=0.7687185, acc=64.32%
t=2046k: loss=0.7688144, acc=64.26%
t=2047k: loss=0.7688479, acc=64.43%
t=2048k: loss=0.7687848, acc=64.55%
t=2049k: loss=0.7687900, acc=64.59%
t=2050k: loss=0.7687531, acc=64.45%
t=2051k: loss=0.7686637, acc=64.45%
t=2052k: loss=0.7687642, acc=64.46%
t=2053k: loss=0.7687335, acc=64.34%
t=2054k: loss=0.7687686, acc=64.16%
t=2055k: loss=0.7688677, acc=64.08%
t=2056k: loss=0.7688200, acc=64.20%
t=2057k: loss=0.7687646, acc=64.34%
t=2058k: loss=0.7689678, acc=64.26%
t=2059k: loss=0.7689370, acc=64.20%
t=2060k: loss=0.7691126, acc=64.12%
t=2061k: loss=0.7691299, acc=64.25%
t=2062k: loss=0.7690717, acc=64.37%
t=2063k: loss=0.7690485, acc=64.00%
t=2064k: loss=0.7691398, acc=64.05%
t=2065k: loss=0.7689969, acc=64.29%
t=2066k: loss=0.7690036, acc=64.11%
t=2067k: loss=0.7690396, acc=64.22%
t=2068k: loss=0.7688835, acc=64.12%
t=2069k: loss=0.7689035, acc=64.09%
t=2070k: loss=0.7687829, acc=64.20%
t=2071k: loss=0.7687332, acc=64.07%
t=2072k: loss=0.7686404, acc=63.88%
t=2073k: loss=0.7686492, acc=63.79%
t=2074k: loss=0.7686173, acc=64.04%
t=2075k: loss=0.7686882, acc=64.11%
t=2076k: loss=0.7687313, acc=64.13%
t=2077k: loss=0.7688348, acc=64.29%
t=2078k: loss=0.7688091, acc=64.28%
t=2079k: loss=0.7688158, acc=64.09%
t=2080k: loss=0.7688215, acc=64.11%
t=2081k: loss=0.7688356, acc=63.87%
t=2082k: loss=0.7687505, acc=63.93%
t=2083k: loss=0.7686391, acc=63.67%
t=2084k: loss=0.7685306, acc=63.82%
t=2085k: loss=0.7685049, acc=63.71%
t=2086k: loss=0.7684826, acc=63.58%
t=2087k: loss=0.7682965, acc=63.93%
t=2088k: loss=0.7682546, acc=63.91%
t=2089k: loss=0.7682186, acc=63.96%
t=2090k: loss=0.7682416, acc=64.00%
t=2091k: loss=0.7683043, acc=63.75%
t=2092k: loss=0.7683930, acc=63.83%
t=2093k: loss=0.7683915, acc=63.80%
t=2094k: loss=0.7684504, acc=63.66%
t=2095k: loss=0.7682955, acc=63.70%
t=2096k: loss=0.7683864, acc=63.76%
t=2097k: loss=0.7685793, acc=63.71%
t=2098k: loss=0.7687807, acc=63.72%
t=2099k: loss=0.7686762, acc=63.80%
t=2100k: loss=0.7686426, acc=63.83%
t=2101k: loss=0.7686267, acc=64.08%
t=2102k: loss=0.7685543, acc=64.11%
t=2103k: loss=0.7685781, acc=64.25%
t=2104k: loss=0.7686838, acc=64.09%
t=2105k: loss=0.7688428, acc=64.29%
t=2106k: loss=0.7688135, acc=64.11%
t=2107k: loss=0.7687729, acc=63.86%
t=2108k: loss=0.7688247, acc=63.93%
t=2109k: loss=0.7689158, acc=64.07%
t=2110k: loss=0.7689701, acc=64.09%
t=2111k: loss=0.7688401, acc=64.18%
t=2112k: loss=0.7689481, acc=64.21%
t=2113k: loss=0.7689320, acc=64.20%
t=2114k: loss=0.7689541, acc=64.29%
t=2115k: loss=0.7689367, acc=64.38%
t=2116k: loss=0.7689902, acc=64.37%
t=2117k: loss=0.7689858, acc=64.28%
t=2118k: loss=0.7688921, acc=64.36%
t=2119k: loss=0.7688921, acc=64.50%
t=2120k: loss=0.7689381, acc=64.43%
t=2121k: loss=0.7690989, acc=64.68%
t=2122k: loss=0.7691193, acc=64.70%
t=2123k: loss=0.7691745, acc=64.71%
t=2124k: loss=0.7690263, acc=64.58%
t=2125k: loss=0.7690107, acc=64.55%
t=2126k: loss=0.7688046, acc=64.59%
t=2127k: loss=0.7687826, acc=64.55%
t=2128k: loss=0.7688371, acc=64.37%
t=2129k: loss=0.7688133, acc=64.30%
t=2130k: loss=0.7685859, acc=64.30%
t=2131k: loss=0.7685945, acc=64.29%
t=2132k: loss=0.7685756, acc=64.33%
t=2133k: loss=0.7685370, acc=64.07%
t=2134k: loss=0.7686183, acc=64.12%
t=2135k: loss=0.7686796, acc=64.36%
t=2136k: loss=0.7687196, acc=64.43%
t=2137k: loss=0.7687182, acc=64.45%
t=2138k: loss=0.7686753, acc=64.60%
t=2139k: loss=0.7687432, acc=64.62%
t=2140k: loss=0.7687151, acc=64.50%
t=2141k: loss=0.7686117, acc=64.34%
t=2142k: loss=0.7684986, acc=64.12%
t=2143k: loss=0.7685396, acc=64.00%
t=2144k: loss=0.7685527, acc=64.04%
t=2145k: loss=0.7684909, acc=64.09%
t=2146k: loss=0.7685041, acc=64.26%
t=2147k: loss=0.7685155, acc=64.18%
t=2148k: loss=0.7684044, acc=64.32%
t=2149k: loss=0.7684232, acc=64.18%
t=2150k: loss=0.7685402, acc=64.17%
t=2151k: loss=0.7685914, acc=64.16%
t=2152k: loss=0.7686693, acc=64.28%
t=2153k: loss=0.7686512, acc=64.43%
t=2154k: loss=0.7686102, acc=64.54%
t=2155k: loss=0.7685486, acc=64.54%
t=2156k: loss=0.7685436, acc=64.63%
t=2157k: loss=0.7683669, acc=64.50%
t=2158k: loss=0.7685824, acc=64.43%
t=2159k: loss=0.7685331, acc=64.66%
t=2160k: loss=0.7685619, acc=64.42%
t=2161k: loss=0.7684666, acc=64.29%
t=2162k: loss=0.7684489, acc=64.16%
t=2163k: loss=0.7684551, acc=64.13%
t=2164k: loss=0.7683982, acc=64.29%
t=2165k: loss=0.7684264, acc=64.21%
t=2166k: loss=0.7684887, acc=64.12%
t=2167k: loss=0.7686681, acc=64.12%
t=2168k: loss=0.7684856, acc=64.05%
t=2169k: loss=0.7685062, acc=64.00%
t=2170k: loss=0.7686080, acc=63.82%
t=2171k: loss=0.7686140, acc=64.11%
t=2172k: loss=0.7684175, acc=64.12%
t=2173k: loss=0.7684464, acc=64.14%
t=2174k: loss=0.7685678, acc=64.25%
t=2175k: loss=0.7685947, acc=64.28%
t=2176k: loss=0.7685621, acc=64.49%
t=2177k: loss=0.7685477, acc=64.36%
t=2178k: loss=0.7685805, acc=64.30%
t=2179k: loss=0.7685376, acc=64.34%
t=2180k: loss=0.7681741, acc=64.09%
t=2181k: loss=0.7682578, acc=64.20%
t=2182k: loss=0.7684434, acc=64.29%
t=2183k: loss=0.7683976, acc=64.39%
t=2184k: loss=0.7683729, acc=64.25%
t=2185k: loss=0.7684001, acc=64.26%
t=2186k: loss=0.7684642, acc=64.34%
t=2187k: loss=0.7684024, acc=64.57%
t=2188k: loss=0.7685504, acc=64.57%
t=2189k: loss=0.7686028, acc=64.57%
t=2190k: loss=0.7688812, acc=64.74%
t=2191k: loss=0.7690471, acc=64.74%
t=2192k: loss=0.7689790, acc=64.62%
t=2193k: loss=0.7689641, acc=64.60%
t=2194k: loss=0.7689750, acc=64.81%
t=2195k: loss=0.7687975, acc=64.64%
t=2196k: loss=0.7687838, acc=64.50%
t=2197k: loss=0.7688492, acc=64.57%
t=2198k: loss=0.7688089, acc=64.43%
t=2199k: loss=0.7687316, acc=64.33%
t=2200k: loss=0.7686510, acc=64.28%
t=2201k: loss=0.7684923, acc=64.26%
t=2202k: loss=0.7685867, acc=64.46%
t=2203k: loss=0.7685555, acc=64.59%
t=2204k: loss=0.7684437, acc=64.36%
t=2205k: loss=0.7686257, acc=64.36%
t=2206k: loss=0.7685910, acc=64.36%
t=2207k: loss=0.7686167, acc=64.41%
t=2208k: loss=0.7685768, acc=64.42%
t=2209k: loss=0.7684523, acc=64.51%
t=2210k: loss=0.7685580, acc=64.54%
t=2211k: loss=0.7686530, acc=64.47%
t=2212k: loss=0.7687170, acc=64.24%
t=2213k: loss=0.7688144, acc=64.22%
t=2214k: loss=0.7690124, acc=64.29%
t=2215k: loss=0.7690645, acc=64.17%
t=2216k: loss=0.7691804, acc=64.18%
t=2217k: loss=0.7691469, acc=64.24%
t=2218k: loss=0.7690696, acc=64.24%
t=2219k: loss=0.7692356, acc=64.25%
t=2220k: loss=0.7692651, acc=64.21%
t=2221k: loss=0.7692702, acc=64.36%
t=2222k: loss=0.7691678, acc=64.26%
t=2223k: loss=0.7691842, acc=64.17%
t=2224k: loss=0.7691426, acc=64.26%
t=2225k: loss=0.7690440, acc=64.16%
t=2226k: loss=0.7688842, acc=64.04%
t=2227k: loss=0.7688042, acc=63.97%
t=2228k: loss=0.7688631, acc=64.28%
t=2229k: loss=0.7688003, acc=64.16%
t=2230k: loss=0.7687203, acc=64.08%
t=2231k: loss=0.7685998, acc=64.30%
t=2232k: loss=0.7686250, acc=64.01%
t=2233k: loss=0.7685797, acc=64.07%
t=2234k: loss=0.7684794, acc=64.17%
t=2235k: loss=0.7684386, acc=64.28%
t=2236k: loss=0.7685631, acc=64.36%
t=2237k: loss=0.7685809, acc=64.26%
t=2238k: loss=0.7685050, acc=64.13%
t=2239k: loss=0.7684761, acc=64.14%
t=2240k: loss=0.7684422, acc=64.24%
t=2241k: loss=0.7685760, acc=64.24%
t=2242k: loss=0.7686162, acc=64.09%
t=2243k: loss=0.7684841, acc=64.12%
t=2244k: loss=0.7685373, acc=64.04%
t=2245k: loss=0.7687026, acc=64.26%
t=2246k: loss=0.7686843, acc=64.25%
t=2247k: loss=0.7686568, acc=64.24%
t=2248k: loss=0.7687575, acc=64.39%
t=2249k: loss=0.7688233, acc=64.41%
t=2250k: loss=0.7690069, acc=64.54%
t=2251k: loss=0.7687755, acc=64.43%
t=2252k: loss=0.7687618, acc=64.45%
t=2253k: loss=0.7688577, acc=64.34%
t=2254k: loss=0.7689268, acc=64.42%
t=2255k: loss=0.7688007, acc=64.38%
t=2256k: loss=0.7686613, acc=64.42%
t=2257k: loss=0.7686000, acc=64.49%
t=2258k: loss=0.7686180, acc=64.58%
t=2259k: loss=0.7686940, acc=64.30%
t=2260k: loss=0.7685877, acc=64.46%
t=2261k: loss=0.7686308, acc=64.55%
t=2262k: loss=0.7686788, acc=64.50%
t=2263k: loss=0.7687382, acc=64.63%
t=2264k: loss=0.7684942, acc=64.54%
t=2265k: loss=0.7685903, acc=64.49%
t=2266k: loss=0.7686210, acc=64.34%
t=2267k: loss=0.7687441, acc=64.20%
t=2268k: loss=0.7687116, acc=64.01%
t=2269k: loss=0.7685814, acc=64.32%
t=2270k: loss=0.7685848, acc=64.14%
t=2271k: loss=0.7685031, acc=64.21%
t=2272k: loss=0.7686298, acc=64.05%
t=2273k: loss=0.7685437, acc=64.05%
t=2274k: loss=0.7686041, acc=64.16%
t=2275k: loss=0.7685987, acc=64.22%
t=2276k: loss=0.7688196, acc=64.13%
t=2277k: loss=0.7688434, acc=64.05%
t=2278k: loss=0.7689151, acc=63.92%
t=2279k: loss=0.7688979, acc=64.05%
t=2280k: loss=0.7689728, acc=64.12%
t=2281k: loss=0.7690452, acc=64.04%
t=2282k: loss=0.7687974, acc=64.04%
t=2283k: loss=0.7689976, acc=64.04%
t=2284k: loss=0.7692162, acc=64.17%
t=2285k: loss=0.7690028, acc=64.13%
t=2286k: loss=0.7687905, acc=64.08%
t=2287k: loss=0.7687439, acc=64.03%
t=2288k: loss=0.7686357, acc=64.01%
t=2289k: loss=0.7687597, acc=63.99%
t=2290k: loss=0.7688001, acc=64.03%
t=2291k: loss=0.7688160, acc=64.13%
t=2292k: loss=0.7688432, acc=64.04%
t=2293k: loss=0.7686732, acc=64.14%
t=2294k: loss=0.7686767, acc=64.26%
t=2295k: loss=0.7687682, acc=64.09%
t=2296k: loss=0.7687656, acc=64.14%
t=2297k: loss=0.7689044, acc=64.22%
t=2298k: loss=0.7688516, acc=64.25%
t=2299k: loss=0.7687524, acc=64.28%
t=2300k: loss=0.7685588, acc=64.30%
t=2301k: loss=0.7686889, acc=64.14%
t=2302k: loss=0.7687759, acc=64.20%
t=2303k: loss=0.7687715, acc=64.43%
t=2304k: loss=0.7686041, acc=64.38%
t=2305k: loss=0.7687898, acc=64.32%
t=2306k: loss=0.7689056, acc=64.36%
t=2307k: loss=0.7689221, acc=64.20%
t=2308k: loss=0.7689908, acc=64.11%
t=2309k: loss=0.7691148, acc=63.96%
t=2310k: loss=0.7691168, acc=63.92%
t=2311k: loss=0.7691743, acc=63.97%
t=2312k: loss=0.7690745, acc=64.13%
t=2313k: loss=0.7692324, acc=63.83%
t=2314k: loss=0.7691971, acc=63.99%
t=2315k: loss=0.7689828, acc=64.03%
t=2316k: loss=0.7689090, acc=63.91%
t=2317k: loss=0.7688355, acc=63.82%
t=2318k: loss=0.7688925, acc=63.93%
t=2319k: loss=0.7687014, acc=64.11%
t=2320k: loss=0.7688210, acc=64.00%
t=2321k: loss=0.7688238, acc=64.18%
t=2322k: loss=0.7688339, acc=64.29%
t=2323k: loss=0.7687717, acc=64.18%
t=2324k: loss=0.7687556, acc=64.32%
t=2325k: loss=0.7688133, acc=64.20%
t=2326k: loss=0.7688739, acc=64.05%
t=2327k: loss=0.7687386, acc=63.96%
t=2328k: loss=0.7686094, acc=63.82%
t=2329k: loss=0.7685956, acc=63.93%
t=2330k: loss=0.7684977, acc=63.83%
t=2331k: loss=0.7684425, acc=63.79%
t=2332k: loss=0.7684853, acc=63.80%
t=2333k: loss=0.7684211, acc=63.84%
t=2334k: loss=0.7685621, acc=63.88%
t=2335k: loss=0.7686209, acc=63.97%
t=2336k: loss=0.7685205, acc=63.78%
t=2337k: loss=0.7685819, acc=63.86%
t=2338k: loss=0.7687192, acc=63.74%
t=2339k: loss=0.7689903, acc=63.78%
t=2340k: loss=0.7689142, acc=63.90%
t=2341k: loss=0.7686746, acc=63.86%
t=2342k: loss=0.7687618, acc=63.78%
t=2343k: loss=0.7687540, acc=64.01%
t=2344k: loss=0.7686515, acc=63.96%
t=2345k: loss=0.7686792, acc=63.86%
t=2346k: loss=0.7687532, acc=63.82%
t=2347k: loss=0.7687466, acc=63.80%
t=2348k: loss=0.7686769, acc=63.70%
t=2349k: loss=0.7686860, acc=64.03%
t=2350k: loss=0.7687385, acc=64.08%
t=2351k: loss=0.7688827, acc=63.72%
t=2352k: loss=0.7687837, acc=63.62%
t=2353k: loss=0.7688362, acc=63.44%
t=2354k: loss=0.7687507, acc=63.59%
t=2355k: loss=0.7686711, acc=63.80%
t=2356k: loss=0.7686130, acc=63.90%
t=2357k: loss=0.7684406, acc=63.74%
t=2358k: loss=0.7685164, acc=63.86%
t=2359k: loss=0.7682846, acc=63.96%
t=2360k: loss=0.7683119, acc=64.03%
t=2361k: loss=0.7684374, acc=63.92%
t=2362k: loss=0.7684473, acc=64.04%
t=2363k: loss=0.7683954, acc=64.07%
t=2364k: loss=0.7686395, acc=64.03%
t=2365k: loss=0.7685791, acc=63.96%
t=2366k: loss=0.7687365, acc=64.07%
t=2367k: loss=0.7691192, acc=63.91%
t=2368k: loss=0.7690874, acc=63.84%
t=2369k: loss=0.7692606, acc=63.86%
t=2370k: loss=0.7693266, acc=63.88%
t=2371k: loss=0.7692361, acc=63.78%
t=2372k: loss=0.7692266, acc=63.95%
t=2373k: loss=0.7690081, acc=64.04%
t=2374k: loss=0.7687533, acc=63.95%
t=2375k: loss=0.7686663, acc=63.99%
t=2376k: loss=0.7685415, acc=63.99%
t=2377k: loss=0.7683568, acc=63.90%
t=2378k: loss=0.7682577, acc=63.74%
t=2379k: loss=0.7680603, acc=63.72%
t=2380k: loss=0.7680264, acc=63.62%
t=2381k: loss=0.7681549, acc=63.65%
t=2382k: loss=0.7681614, acc=63.49%
t=2383k: loss=0.7683592, acc=63.41%
t=2384k: loss=0.7685004, acc=63.67%
t=2385k: loss=0.7687365, acc=63.48%
t=2386k: loss=0.7687709, acc=63.61%
t=2387k: loss=0.7687056, acc=63.46%
t=2388k: loss=0.7687997, acc=63.59%
t=2389k: loss=0.7688666, acc=63.55%
t=2390k: loss=0.7688217, acc=63.72%
t=2391k: loss=0.7685156, acc=63.46%
t=2392k: loss=0.7685508, acc=63.59%
t=2393k: loss=0.7685233, acc=63.70%
t=2394k: loss=0.7683908, acc=63.91%
t=2395k: loss=0.7682036, acc=63.82%
t=2396k: loss=0.7681336, acc=63.72%
t=2397k: loss=0.7682251, acc=63.59%
t=2398k: loss=0.7681661, acc=63.79%
t=2399k: loss=0.7681979, acc=63.90%
t=2400k: loss=0.7682683, acc=64.05%
t=2401k: loss=0.7685003, acc=63.96%
t=2402k: loss=0.7683818, acc=64.00%
t=2403k: loss=0.7683292, acc=63.99%
t=2404k: loss=0.7686032, acc=63.97%
t=2405k: loss=0.7686536, acc=64.03%
t=2406k: loss=0.7685396, acc=64.07%
t=2407k: loss=0.7685202, acc=63.99%
t=2408k: loss=0.7683984, acc=63.90%
t=2409k: loss=0.7683491, acc=63.76%
t=2410k: loss=0.7682624, acc=63.96%
t=2411k: loss=0.7681421, acc=63.86%
t=2412k: loss=0.7682919, acc=63.80%
t=2413k: loss=0.7682378, acc=63.99%
t=2414k: loss=0.7681492, acc=63.83%
t=2415k: loss=0.7682508, acc=63.69%
t=2416k: loss=0.7683994, acc=63.65%
t=2417k: loss=0.7683819, acc=63.71%
t=2418k: loss=0.7684065, acc=63.63%
t=2419k: loss=0.7685896, acc=63.59%
t=2420k: loss=0.7686016, acc=63.63%
t=2421k: loss=0.7687145, acc=63.62%
t=2422k: loss=0.7685826, acc=63.59%
t=2423k: loss=0.7687434, acc=63.75%
t=2424k: loss=0.7686181, acc=63.58%
t=2425k: loss=0.7685416, acc=63.69%
t=2426k: loss=0.7686220, acc=63.84%
t=2427k: loss=0.7685508, acc=63.63%
t=2428k: loss=0.7687151, acc=63.61%
t=2429k: loss=0.7685180, acc=63.66%
t=2430k: loss=0.7686383, acc=63.76%
t=2431k: loss=0.7685671, acc=63.58%
t=2432k: loss=0.7685597, acc=63.66%
t=2433k: loss=0.7685754, acc=63.48%
t=2434k: loss=0.7685455, acc=63.54%
t=2435k: loss=0.7685396, acc=63.46%
t=2436k: loss=0.7684752, acc=63.48%
t=2437k: loss=0.7686207, acc=63.21%
t=2438k: loss=0.7686259, acc=63.37%
t=2439k: loss=0.7685791, acc=63.21%
t=2440k: loss=0.7684304, acc=63.28%
t=2441k: loss=0.7684779, acc=63.21%
t=2442k: loss=0.7686414, acc=63.28%
t=2443k: loss=0.7686611, acc=63.24%
t=2444k: loss=0.7688308, acc=63.13%
t=2445k: loss=0.7688312, acc=63.33%
t=2446k: loss=0.7687812, acc=63.37%
t=2447k: loss=0.7687669, acc=63.36%
t=2448k: loss=0.7687087, acc=63.37%
t=2449k: loss=0.7687849, acc=63.25%
t=2450k: loss=0.7687638, acc=63.38%
t=2451k: loss=0.7687044, acc=63.37%
t=2452k: loss=0.7686397, acc=63.54%
t=2453k: loss=0.7687873, acc=63.51%
t=2454k: loss=0.7687262, acc=63.42%
t=2455k: loss=0.7686557, acc=63.57%
t=2456k: loss=0.7687701, acc=63.70%
t=2457k: loss=0.7687542, acc=63.71%
t=2458k: loss=0.7687354, acc=63.63%
t=2459k: loss=0.7686925, acc=63.63%
t=2460k: loss=0.7686072, acc=63.42%
t=2461k: loss=0.7687590, acc=63.36%
t=2462k: loss=0.7688510, acc=63.46%
t=2463k: loss=0.7686552, acc=63.24%
t=2464k: loss=0.7686383, acc=63.48%
t=2465k: loss=0.7687396, acc=63.62%
t=2466k: loss=0.7687247, acc=63.51%
t=2467k: loss=0.7685986, acc=63.66%
t=2468k: loss=0.7684138, acc=63.57%
t=2469k: loss=0.7684318, acc=63.49%
t=2470k: loss=0.7685698, acc=63.46%
t=2471k: loss=0.7683579, acc=63.59%
t=2472k: loss=0.7682774, acc=63.70%
t=2473k: loss=0.7682656, acc=63.65%
t=2474k: loss=0.7682172, acc=63.74%
t=2475k: loss=0.7681923, acc=63.79%
t=2476k: loss=0.7681196, acc=63.80%
t=2477k: loss=0.7681684, acc=63.76%
t=2478k: loss=0.7683685, acc=63.54%
t=2479k: loss=0.7683724, acc=63.48%
t=2480k: loss=0.7685259, acc=63.54%
t=2481k: loss=0.7687015, acc=63.51%
t=2482k: loss=0.7685934, acc=63.65%
t=2483k: loss=0.7684930, acc=63.48%
t=2484k: loss=0.7684285, acc=63.55%
t=2485k: loss=0.7685431, acc=63.66%
t=2486k: loss=0.7685870, acc=63.59%
t=2487k: loss=0.7685468, acc=63.45%
t=2488k: loss=0.7686036, acc=63.40%
t=2489k: loss=0.7685860, acc=63.37%
t=2490k: loss=0.7684865, acc=63.40%
t=2491k: loss=0.7683478, acc=63.21%
t=2492k: loss=0.7683464, acc=63.55%
t=2493k: loss=0.7685003, acc=63.69%
t=2494k: loss=0.7686269, acc=63.54%
t=2495k: loss=0.7685300, acc=63.59%
t=2496k: loss=0.7684210, acc=63.55%
t=2497k: loss=0.7685258, acc=63.86%
t=2498k: loss=0.7683809, acc=63.57%
t=2499k: loss=0.7684349, acc=63.58%
t=2500k: loss=0.7683320, acc=63.65%
